\BOOKMARK [1][-]{section.1}{\376\377\000C\000o\000n\000t\000e\000x\000t\000e\000\040}{}% 1
\BOOKMARK [2][-]{subsection.1.1}{\376\377\000I\000n\000t\000r\000o\000d\000u\000c\000t\000i\000o\000n\000\040\000r\000a\000p\000i\000d\000e}{section.1}% 2
\BOOKMARK [2][-]{subsection.1.2}{\376\377\000P\000r\000\351\000s\000e\000n\000t\000a\000t\000i\000o\000n\000\040\000d\000e\000\040\000l\000a\000\040\000F\000o\000n\000d\000e\000r\000i\000e\000\040\000d\000e\000\040\000N\000i\000e\000d\000e\000r\000b\000r\000o\000n\000n}{section.1}% 3
\BOOKMARK [2][-]{subsection.1.3}{\376\377\000D\000e\000s\000c\000r\000i\000p\000t\000i\000o\000n\000\040\000d\000u\000\040\000p\000r\000o\000c\000e\000s\000s\000u\000s\000\040\000d\000e\000\040\000p\000r\000o\000d\000u\000c\000t\000i\000o\000n}{section.1}% 4
\BOOKMARK [2][-]{subsection.1.4}{\376\377\000O\000b\000j\000e\000c\000t\000i\000f\000s}{section.1}% 5
\BOOKMARK [2][-]{subsection.1.5}{\376\377\000L\000e\000\040\000p\000l\000a\000n\000\040\000d\000u\000\040\000r\000a\000p\000p\000o\000r\000t}{section.1}% 6
\BOOKMARK [1][-]{section.2}{\376\377\000L\000'\000\351\000t\000u\000d\000e\000\040\000s\000t\000a\000t\000i\000s\000t\000i\000q\000u\000e}{}% 7
\BOOKMARK [2][-]{subsection.2.1}{\376\377\000C\000o\000n\000t\000e\000x\000t\000e\000\040\000e\000t\000\040\000O\000b\000j\000e\000c\000t\000i\000f\000s}{section.2}% 8
\BOOKMARK [2][-]{subsection.2.2}{\376\377\000L\000e\000s\000\040\000d\000o\000n\000n\000\351\000e\000s}{section.2}% 9
\BOOKMARK [2][-]{subsection.2.3}{\376\377\000L\000e\000s\000\040\000i\000n\000d\000i\000c\000a\000t\000e\000u\000r\000s}{section.2}% 10
\BOOKMARK [2][-]{subsection.2.4}{\376\377\000L\000e\000s\000\040\000\351\000l\000\351\000m\000e\000n\000t\000s\000\040\000c\000h\000i\000m\000i\000q\000u\000e\000s}{section.2}% 11
\BOOKMARK [2][-]{subsection.2.5}{\376\377\000L\000e\000s\000\040\000v\000a\000l\000e\000u\000r\000s\000\040\000e\000x\000t\000r\000\352\000m\000e\000s}{section.2}% 12
\BOOKMARK [2][-]{subsection.2.6}{\376\377\000R\000\351\000g\000r\000e\000s\000s\000i\000o\000n\000\040\000L\000i\000n\000\351\000a\000i\000r\000e}{section.2}% 13
\BOOKMARK [1][-]{section.3}{\376\377\000L\000a\000\040\000r\000e\000c\000e\000t\000t\000e\000\040\000O\000p\000t\000i\000m\000a\000l\000e}{}% 14
\BOOKMARK [2][-]{subsection.3.1}{\376\377\000P\000r\000\351\000s\000e\000n\000t\000a\000t\000i\000o\000n\000\040\000d\000u\000\040\000p\000r\000o\000b\000l\000\350\000m\000e}{section.3}% 15
\BOOKMARK [2][-]{subsection.3.2}{\376\377\000\040\000M\000o\000d\000\351\000l\000i\000s\000a\000t\000i\000o\000n\000\040\000d\000u\000\040\000p\000r\000o\000b\000l\000\350\000m\000e\000\040}{section.3}% 16
\BOOKMARK [2][-]{subsection.3.3}{\376\377\000\040\000L\000'\000a\000l\000g\000o\000r\000i\000t\000h\000m\000e\000\040\000d\000u\000\040\000s\000i\000m\000p\000l\000e\000x\000e\000\040}{section.3}% 17
\BOOKMARK [2][-]{subsection.3.4}{\376\377\000I\000m\000p\000l\000\351\000m\000e\000n\000t\000a\000t\000i\000o\000n\000\040\000e\000t\000\040\000R\000\351\000s\000u\000l\000t\000a\000t\000s\000\040}{section.3}% 18
\BOOKMARK [1][-]{section.4}{\376\377\000L\000e\000\040\000T\000r\000a\000i\000t\000e\000m\000e\000n\000t\000\040\000a\000u\000\040\000M\000a\000g\000n\000\351\000s\000i\000u\000m\000\040\000d\000e\000\040\000l\000a\000\040\000f\000o\000n\000t\000e\000\040\000G\000S}{}% 19
\BOOKMARK [2][-]{subsection.4.1}{\376\377\000P\000r\000\351\000s\000e\000n\000t\000a\000t\000i\000o\000n\000\040\000d\000u\000\040\000p\000r\000o\000b\000l\000\350\000m\000e\000\040}{section.4}% 20
\BOOKMARK [2][-]{subsection.4.2}{\376\377\000I\000m\000p\000l\000\351\000m\000e\000n\000t\000a\000t\000i\000o\000n\000\040\000e\000t\000\040\000R\000\351\000s\000u\000l\000t\000a\000t\000s}{section.4}% 21
\BOOKMARK [1][-]{appendix.1.A}{\376\377\000L\000a\000\040\000r\000e\000c\000e\000t\000t\000e\000\040\000o\000p\000t\000i\000m\000a\000l\000e}{}% 22
