This is pdfTeX, Version 3.141592653-2.6-1.40.26 (TeX Live 2024) (preloaded format=pdflatex 2024.4.23)  23 APR 2024 10:35
entering extended mode
 restricted \write18 enabled.
 file:line:error style messages enabled.
 %&-line parsing enabled.
**c:/Users/congoj/Desktop/Brouillon/Fonderie/Presentation.tex
(c:/Users/congoj/Desktop/Brouillon/Fonderie/Presentation.tex
LaTeX2e <2023-11-01> patch level 1
L3 programming layer <2024-03-14>
(c:/texlive/2024/texmf-dist/tex/latex/beamer/beamer.cls
Document Class: beamer 2024/01/06 v3.71 A class for typesetting presentations
(c:/texlive/2024/texmf-dist/tex/latex/beamer/beamerbasemodes.sty (c:/texlive/2024/texmf-dist/tex/latex/etoolbox/etoolbox.sty
Package: etoolbox 2020/10/05 v2.5k e-TeX tools for LaTeX (JAW)
\etb@tempcnta=\count188
)
\beamer@tempbox=\box51
\beamer@tempcount=\count189
\c@beamerpauses=\count190
 (c:/texlive/2024/texmf-dist/tex/latex/beamer/beamerbasedecode.sty
\beamer@slideinframe=\count191
\beamer@minimum=\count192
\beamer@decode@box=\box52
)
\beamer@commentbox=\box53
\beamer@modecount=\count193
) (c:/texlive/2024/texmf-dist/tex/generic/iftex/iftex.sty
Package: iftex 2022/02/03 v1.0f TeX engine tests
)
\headdp=\dimen140
\footheight=\dimen141
\sidebarheight=\dimen142
\beamer@tempdim=\dimen143
\beamer@finalheight=\dimen144
\beamer@animht=\dimen145
\beamer@animdp=\dimen146
\beamer@animwd=\dimen147
\beamer@leftmargin=\dimen148
\beamer@rightmargin=\dimen149
\beamer@leftsidebar=\dimen150
\beamer@rightsidebar=\dimen151
\beamer@boxsize=\dimen152
\beamer@vboxoffset=\dimen153
\beamer@descdefault=\dimen154
\beamer@descriptionwidth=\dimen155
\beamer@lastskip=\skip48
\beamer@areabox=\box54
\beamer@animcurrent=\box55
\beamer@animshowbox=\box56
\beamer@sectionbox=\box57
\beamer@logobox=\box58
\beamer@linebox=\box59
\beamer@sectioncount=\count194
\beamer@subsubsectionmax=\count195
\beamer@subsectionmax=\count196
\beamer@sectionmax=\count197
\beamer@totalheads=\count198
\beamer@headcounter=\count199
\beamer@partstartpage=\count266
\beamer@sectionstartpage=\count267
\beamer@subsectionstartpage=\count268
\beamer@animationtempa=\count269
\beamer@animationtempb=\count270
\beamer@xpos=\count271
\beamer@ypos=\count272
\beamer@ypos@offset=\count273
\beamer@showpartnumber=\count274
\beamer@currentsubsection=\count275
\beamer@coveringdepth=\count276
\beamer@sectionadjust=\count277
\beamer@toclastsection=\count278
\beamer@tocsectionnumber=\count279
 (c:/texlive/2024/texmf-dist/tex/latex/beamer/beamerbaseoptions.sty (c:/texlive/2024/texmf-dist/tex/latex/graphics/keyval.sty
Package: keyval 2022/05/29 v1.15 key=value parser (DPC)
\KV@toks@=\toks17
))
\beamer@paperwidth=\skip49
\beamer@paperheight=\skip50
 (c:/texlive/2024/texmf-dist/tex/latex/geometry/geometry.sty
Package: geometry 2020/01/02 v5.9 Page Geometry
 (c:/texlive/2024/texmf-dist/tex/generic/iftex/ifvtex.sty
Package: ifvtex 2019/10/25 v1.7 ifvtex legacy package. Use iftex instead.
)
\Gm@cnth=\count280
\Gm@cntv=\count281
\c@Gm@tempcnt=\count282
\Gm@bindingoffset=\dimen156
\Gm@wd@mp=\dimen157
\Gm@odd@mp=\dimen158
\Gm@even@mp=\dimen159
\Gm@layoutwidth=\dimen160
\Gm@layoutheight=\dimen161
\Gm@layouthoffset=\dimen162
\Gm@layoutvoffset=\dimen163
\Gm@dimlist=\toks18
) (c:/texlive/2024/texmf-dist/tex/latex/pgf/math/pgfmath.sty (c:/texlive/2024/texmf-dist/tex/latex/pgf/utilities/pgfrcs.sty (c:/texlive/2024/texmf-dist/tex/generic/pgf/utilities/pgfutil-common.tex
\pgfutil@everybye=\toks19
\pgfutil@tempdima=\dimen164
\pgfutil@tempdimb=\dimen165
) (c:/texlive/2024/texmf-dist/tex/generic/pgf/utilities/pgfutil-latex.def
\pgfutil@abb=\box60
) (c:/texlive/2024/texmf-dist/tex/generic/pgf/utilities/pgfrcs.code.tex (c:/texlive/2024/texmf-dist/tex/generic/pgf/pgf.revision.tex)
Package: pgfrcs 2023-01-15 v3.1.10 (3.1.10)
)) (c:/texlive/2024/texmf-dist/tex/latex/pgf/utilities/pgfkeys.sty (c:/texlive/2024/texmf-dist/tex/generic/pgf/utilities/pgfkeys.code.tex
\pgfkeys@pathtoks=\toks20
\pgfkeys@temptoks=\toks21
 (c:/texlive/2024/texmf-dist/tex/generic/pgf/utilities/pgfkeyslibraryfiltered.code.tex
\pgfkeys@tmptoks=\toks22
))) (c:/texlive/2024/texmf-dist/tex/generic/pgf/math/pgfmath.code.tex (c:/texlive/2024/texmf-dist/tex/generic/pgf/math/pgfmathutil.code.tex
\pgf@x=\dimen166
\pgf@xa=\dimen167
\pgf@xb=\dimen168
\pgf@xc=\dimen169
\pgf@y=\dimen170
\pgf@ya=\dimen171
\pgf@yb=\dimen172
\pgf@yc=\dimen173
\c@pgf@counta=\count283
\c@pgf@countb=\count284
\c@pgf@countc=\count285
\c@pgf@countd=\count286
) (c:/texlive/2024/texmf-dist/tex/generic/pgf/math/pgfmathparser.code.tex
\pgfmath@dimen=\dimen174
\pgfmath@count=\count287
\pgfmath@box=\box61
\pgfmath@toks=\toks23
\pgfmath@stack@operand=\toks24
\pgfmath@stack@operation=\toks25
) (c:/texlive/2024/texmf-dist/tex/generic/pgf/math/pgfmathfunctions.code.tex) (c:/texlive/2024/texmf-dist/tex/generic/pgf/math/pgfmathfunctions.basic.code.tex) (c:/texlive/2024/texmf-dist/tex/generic/pgf/math/pgfmathfunctions.trigonometric.code.tex) (c:/texlive/2024/texmf-dist/tex/generic/pgf/math/pgfmathfunctions.random.code.tex) (c:/texlive/2024/texmf-dist/tex/generic/pgf/math/pgfmathfunctions.comparison.code.tex) (c:/texlive/2024/texmf-dist/tex/generic/pgf/math/pgfmathfunctions.base.code.tex) (c:/texlive/2024/texmf-dist/tex/generic/pgf/math/pgfmathfunctions.round.code.tex) (c:/texlive/2024/texmf-dist/tex/generic/pgf/math/pgfmathfunctions.misc.code.tex) (c:/texlive/2024/texmf-dist/tex/generic/pgf/math/pgfmathfunctions.integerarithmetics.code.tex) (c:/texlive/2024/texmf-dist/tex/generic/pgf/math/pgfmathcalc.code.tex) (c:/texlive/2024/texmf-dist/tex/generic/pgf/math/pgfmathfloat.code.tex
\c@pgfmathroundto@lastzeros=\count288
))) (c:/texlive/2024/texmf-dist/tex/latex/base/size11.clo
File: size11.clo 2023/05/17 v1.4n Standard LaTeX file (size option)
) (c:/texlive/2024/texmf-dist/tex/latex/pgf/basiclayer/pgfcore.sty (c:/texlive/2024/texmf-dist/tex/latex/graphics/graphicx.sty
Package: graphicx 2021/09/16 v1.2d Enhanced LaTeX Graphics (DPC,SPQR)
 (c:/texlive/2024/texmf-dist/tex/latex/graphics/graphics.sty
Package: graphics 2022/03/10 v1.4e Standard LaTeX Graphics (DPC,SPQR)
 (c:/texlive/2024/texmf-dist/tex/latex/graphics/trig.sty
Package: trig 2021/08/11 v1.11 sin cos tan (DPC)
) (c:/texlive/2024/texmf-dist/tex/latex/graphics-cfg/graphics.cfg
File: graphics.cfg 2016/06/04 v1.11 sample graphics configuration
)
Package graphics Info: Driver file: pdftex.def on input line 107.
 (c:/texlive/2024/texmf-dist/tex/latex/graphics-def/pdftex.def
File: pdftex.def 2024/04/13 v1.2c Graphics/color driver for pdftex
))
\Gin@req@height=\dimen175
\Gin@req@width=\dimen176
) (c:/texlive/2024/texmf-dist/tex/latex/pgf/systemlayer/pgfsys.sty (c:/texlive/2024/texmf-dist/tex/generic/pgf/systemlayer/pgfsys.code.tex
Package: pgfsys 2023-01-15 v3.1.10 (3.1.10)
\pgf@x=\dimen177
\pgf@y=\dimen178
\pgf@xa=\dimen179
\pgf@ya=\dimen180
\pgf@xb=\dimen181
\pgf@yb=\dimen182
\pgf@xc=\dimen183
\pgf@yc=\dimen184
\pgf@xd=\dimen185
\pgf@yd=\dimen186
\w@pgf@writea=\write3
\r@pgf@reada=\read2
\c@pgf@counta=\count289
\c@pgf@countb=\count290
\c@pgf@countc=\count291
\c@pgf@countd=\count292
\t@pgf@toka=\toks26
\t@pgf@tokb=\toks27
\t@pgf@tokc=\toks28
\pgf@sys@id@count=\count293
 (c:/texlive/2024/texmf-dist/tex/generic/pgf/systemlayer/pgf.cfg
File: pgf.cfg 2023-01-15 v3.1.10 (3.1.10)
)
Driver file for pgf: pgfsys-pdftex.def
 (c:/texlive/2024/texmf-dist/tex/generic/pgf/systemlayer/pgfsys-pdftex.def
File: pgfsys-pdftex.def 2023-01-15 v3.1.10 (3.1.10)
 (c:/texlive/2024/texmf-dist/tex/generic/pgf/systemlayer/pgfsys-common-pdf.def
File: pgfsys-common-pdf.def 2023-01-15 v3.1.10 (3.1.10)
))) (c:/texlive/2024/texmf-dist/tex/generic/pgf/systemlayer/pgfsyssoftpath.code.tex
File: pgfsyssoftpath.code.tex 2023-01-15 v3.1.10 (3.1.10)
\pgfsyssoftpath@smallbuffer@items=\count294
\pgfsyssoftpath@bigbuffer@items=\count295
) (c:/texlive/2024/texmf-dist/tex/generic/pgf/systemlayer/pgfsysprotocol.code.tex
File: pgfsysprotocol.code.tex 2023-01-15 v3.1.10 (3.1.10)
)) (c:/texlive/2024/texmf-dist/tex/latex/xcolor/xcolor.sty
Package: xcolor 2023/11/15 v3.01 LaTeX color extensions (UK)
 (c:/texlive/2024/texmf-dist/tex/latex/graphics-cfg/color.cfg
File: color.cfg 2016/01/02 v1.6 sample color configuration
)
Package xcolor Info: Driver file: pdftex.def on input line 274.
 (c:/texlive/2024/texmf-dist/tex/latex/graphics/mathcolor.ltx)
Package xcolor Info: Model `cmy' substituted by `cmy0' on input line 1350.
Package xcolor Info: Model `hsb' substituted by `rgb' on input line 1354.
Package xcolor Info: Model `RGB' extended on input line 1366.
Package xcolor Info: Model `HTML' substituted by `rgb' on input line 1368.
Package xcolor Info: Model `Hsb' substituted by `hsb' on input line 1369.
Package xcolor Info: Model `tHsb' substituted by `hsb' on input line 1370.
Package xcolor Info: Model `HSB' substituted by `hsb' on input line 1371.
Package xcolor Info: Model `Gray' substituted by `gray' on input line 1372.
Package xcolor Info: Model `wave' substituted by `hsb' on input line 1373.
) (c:/texlive/2024/texmf-dist/tex/generic/pgf/basiclayer/pgfcore.code.tex
Package: pgfcore 2023-01-15 v3.1.10 (3.1.10)
 (c:/texlive/2024/texmf-dist/tex/generic/pgf/math/pgfint.code.tex) (c:/texlive/2024/texmf-dist/tex/generic/pgf/basiclayer/pgfcorepoints.code.tex
File: pgfcorepoints.code.tex 2023-01-15 v3.1.10 (3.1.10)
\pgf@picminx=\dimen187
\pgf@picmaxx=\dimen188
\pgf@picminy=\dimen189
\pgf@picmaxy=\dimen190
\pgf@pathminx=\dimen191
\pgf@pathmaxx=\dimen192
\pgf@pathminy=\dimen193
\pgf@pathmaxy=\dimen194
\pgf@xx=\dimen195
\pgf@xy=\dimen196
\pgf@yx=\dimen197
\pgf@yy=\dimen198
\pgf@zx=\dimen199
\pgf@zy=\dimen256
) (c:/texlive/2024/texmf-dist/tex/generic/pgf/basiclayer/pgfcorepathconstruct.code.tex
File: pgfcorepathconstruct.code.tex 2023-01-15 v3.1.10 (3.1.10)
\pgf@path@lastx=\dimen257
\pgf@path@lasty=\dimen258
) (c:/texlive/2024/texmf-dist/tex/generic/pgf/basiclayer/pgfcorepathusage.code.tex
File: pgfcorepathusage.code.tex 2023-01-15 v3.1.10 (3.1.10)
\pgf@shorten@end@additional=\dimen259
\pgf@shorten@start@additional=\dimen260
) (c:/texlive/2024/texmf-dist/tex/generic/pgf/basiclayer/pgfcorescopes.code.tex
File: pgfcorescopes.code.tex 2023-01-15 v3.1.10 (3.1.10)
\pgfpic=\box62
\pgf@hbox=\box63
\pgf@layerbox@main=\box64
\pgf@picture@serial@count=\count296
) (c:/texlive/2024/texmf-dist/tex/generic/pgf/basiclayer/pgfcoregraphicstate.code.tex
File: pgfcoregraphicstate.code.tex 2023-01-15 v3.1.10 (3.1.10)
\pgflinewidth=\dimen261
) (c:/texlive/2024/texmf-dist/tex/generic/pgf/basiclayer/pgfcoretransformations.code.tex
File: pgfcoretransformations.code.tex 2023-01-15 v3.1.10 (3.1.10)
\pgf@pt@x=\dimen262
\pgf@pt@y=\dimen263
\pgf@pt@temp=\dimen264
) (c:/texlive/2024/texmf-dist/tex/generic/pgf/basiclayer/pgfcorequick.code.tex
File: pgfcorequick.code.tex 2023-01-15 v3.1.10 (3.1.10)
) (c:/texlive/2024/texmf-dist/tex/generic/pgf/basiclayer/pgfcoreobjects.code.tex
File: pgfcoreobjects.code.tex 2023-01-15 v3.1.10 (3.1.10)
) (c:/texlive/2024/texmf-dist/tex/generic/pgf/basiclayer/pgfcorepathprocessing.code.tex
File: pgfcorepathprocessing.code.tex 2023-01-15 v3.1.10 (3.1.10)
) (c:/texlive/2024/texmf-dist/tex/generic/pgf/basiclayer/pgfcorearrows.code.tex
File: pgfcorearrows.code.tex 2023-01-15 v3.1.10 (3.1.10)
\pgfarrowsep=\dimen265
) (c:/texlive/2024/texmf-dist/tex/generic/pgf/basiclayer/pgfcoreshade.code.tex
File: pgfcoreshade.code.tex 2023-01-15 v3.1.10 (3.1.10)
\pgf@max=\dimen266
\pgf@sys@shading@range@num=\count297
\pgf@shadingcount=\count298
) (c:/texlive/2024/texmf-dist/tex/generic/pgf/basiclayer/pgfcoreimage.code.tex
File: pgfcoreimage.code.tex 2023-01-15 v3.1.10 (3.1.10)
) (c:/texlive/2024/texmf-dist/tex/generic/pgf/basiclayer/pgfcoreexternal.code.tex
File: pgfcoreexternal.code.tex 2023-01-15 v3.1.10 (3.1.10)
\pgfexternal@startupbox=\box65
) (c:/texlive/2024/texmf-dist/tex/generic/pgf/basiclayer/pgfcorelayers.code.tex
File: pgfcorelayers.code.tex 2023-01-15 v3.1.10 (3.1.10)
) (c:/texlive/2024/texmf-dist/tex/generic/pgf/basiclayer/pgfcoretransparency.code.tex
File: pgfcoretransparency.code.tex 2023-01-15 v3.1.10 (3.1.10)
) (c:/texlive/2024/texmf-dist/tex/generic/pgf/basiclayer/pgfcorepatterns.code.tex
File: pgfcorepatterns.code.tex 2023-01-15 v3.1.10 (3.1.10)
) (c:/texlive/2024/texmf-dist/tex/generic/pgf/basiclayer/pgfcorerdf.code.tex
File: pgfcorerdf.code.tex 2023-01-15 v3.1.10 (3.1.10)
))) (c:/texlive/2024/texmf-dist/tex/latex/pgf/utilities/xxcolor.sty
Package: xxcolor 2003/10/24 ver 0.1
\XC@nummixins=\count299
\XC@countmixins=\count300
) (c:/texlive/2024/texmf-dist/tex/latex/base/atbegshi-ltx.sty
Package: atbegshi-ltx 2021/01/10 v1.0c Emulation of the original atbegshi
package with kernel methods
) (c:/texlive/2024/texmf-dist/tex/latex/hyperref/hyperref.sty
Package: hyperref 2024-01-20 v7.01h Hypertext links for LaTeX
 (c:/texlive/2024/texmf-dist/tex/latex/kvsetkeys/kvsetkeys.sty
Package: kvsetkeys 2022-10-05 v1.19 Key value parser (HO)
) (c:/texlive/2024/texmf-dist/tex/generic/kvdefinekeys/kvdefinekeys.sty
Package: kvdefinekeys 2019-12-19 v1.6 Define keys (HO)
) (c:/texlive/2024/texmf-dist/tex/generic/pdfescape/pdfescape.sty
Package: pdfescape 2019/12/09 v1.15 Implements pdfTeX's escape features (HO)
 (c:/texlive/2024/texmf-dist/tex/generic/ltxcmds/ltxcmds.sty
Package: ltxcmds 2023-12-04 v1.26 LaTeX kernel commands for general use (HO)
) (c:/texlive/2024/texmf-dist/tex/generic/pdftexcmds/pdftexcmds.sty
Package: pdftexcmds 2020-06-27 v0.33 Utility functions of pdfTeX for LuaTeX (HO)
 (c:/texlive/2024/texmf-dist/tex/generic/infwarerr/infwarerr.sty
Package: infwarerr 2019/12/03 v1.5 Providing info/warning/error messages (HO)
)
Package pdftexcmds Info: \pdf@primitive is available.
Package pdftexcmds Info: \pdf@ifprimitive is available.
Package pdftexcmds Info: \pdfdraftmode found.
)) (c:/texlive/2024/texmf-dist/tex/latex/hycolor/hycolor.sty
Package: hycolor 2020-01-27 v1.10 Color options for hyperref/bookmark (HO)
) (c:/texlive/2024/texmf-dist/tex/latex/auxhook/auxhook.sty
Package: auxhook 2019-12-17 v1.6 Hooks for auxiliary files (HO)
) (c:/texlive/2024/texmf-dist/tex/latex/hyperref/nameref.sty
Package: nameref 2023-11-26 v2.56 Cross-referencing by name of section
 (c:/texlive/2024/texmf-dist/tex/latex/refcount/refcount.sty
Package: refcount 2019/12/15 v3.6 Data extraction from label references (HO)
) (c:/texlive/2024/texmf-dist/tex/generic/gettitlestring/gettitlestring.sty
Package: gettitlestring 2019/12/15 v1.6 Cleanup title references (HO)
 (c:/texlive/2024/texmf-dist/tex/latex/kvoptions/kvoptions.sty
Package: kvoptions 2022-06-15 v3.15 Key value format for package options (HO)
))
\c@section@level=\count301
)
\@linkdim=\dimen267
\Hy@linkcounter=\count302
\Hy@pagecounter=\count303
 (c:/texlive/2024/texmf-dist/tex/latex/hyperref/pd1enc.def
File: pd1enc.def 2024-01-20 v7.01h Hyperref: PDFDocEncoding definition (HO)
Now handling font encoding PD1 ...
... no UTF-8 mapping file for font encoding PD1
) (c:/texlive/2024/texmf-dist/tex/generic/intcalc/intcalc.sty
Package: intcalc 2019/12/15 v1.3 Expandable calculations with integers (HO)
)
\Hy@SavedSpaceFactor=\count304
 (c:/texlive/2024/texmf-dist/tex/latex/hyperref/puenc.def
File: puenc.def 2024-01-20 v7.01h Hyperref: PDF Unicode definition (HO)
Now handling font encoding PU ...
... no UTF-8 mapping file for font encoding PU
)
Package hyperref Info: Option `bookmarks' set `true' on input line 4062.
Package hyperref Info: Option `bookmarksopen' set `true' on input line 4062.
Package hyperref Info: Option `implicit' set `false' on input line 4062.
Package hyperref Info: Hyper figures OFF on input line 4179.
Package hyperref Info: Link nesting OFF on input line 4184.
Package hyperref Info: Hyper index ON on input line 4187.
Package hyperref Info: Plain pages OFF on input line 4194.
Package hyperref Info: Backreferencing OFF on input line 4199.
Package hyperref Info: Implicit mode OFF; no redefinition of LaTeX internals.
Package hyperref Info: Bookmarks ON on input line 4446.
\c@Hy@tempcnt=\count305
 (c:/texlive/2024/texmf-dist/tex/latex/url/url.sty
\Urlmuskip=\muskip16
Package: url 2013/09/16  ver 3.4  Verb mode for urls, etc.
)
LaTeX Info: Redefining \url on input line 4784.
\XeTeXLinkMargin=\dimen268
 (c:/texlive/2024/texmf-dist/tex/generic/bitset/bitset.sty
Package: bitset 2019/12/09 v1.3 Handle bit-vector datatype (HO)
 (c:/texlive/2024/texmf-dist/tex/generic/bigintcalc/bigintcalc.sty
Package: bigintcalc 2019/12/15 v1.5 Expandable calculations on big integers (HO)
))
\Fld@menulength=\count306
\Field@Width=\dimen269
\Fld@charsize=\dimen270
Package hyperref Info: Hyper figures OFF on input line 6063.
Package hyperref Info: Link nesting OFF on input line 6068.
Package hyperref Info: Hyper index ON on input line 6071.
Package hyperref Info: backreferencing OFF on input line 6078.
Package hyperref Info: Link coloring OFF on input line 6083.
Package hyperref Info: Link coloring with OCG OFF on input line 6088.
Package hyperref Info: PDF/A mode OFF on input line 6093.
\Hy@abspage=\count307


Package hyperref Message: Stopped early.

)
Package hyperref Info: Driver (autodetected): hpdftex.
 (c:/texlive/2024/texmf-dist/tex/latex/hyperref/hpdftex.def
File: hpdftex.def 2024-01-20 v7.01h Hyperref driver for pdfTeX
 (c:/texlive/2024/texmf-dist/tex/latex/base/atveryend-ltx.sty
Package: atveryend-ltx 2020/08/19 v1.0a Emulation of the original atveryend package
with kernel methods
)
\Fld@listcount=\count308
\c@bookmark@seq@number=\count309
 (c:/texlive/2024/texmf-dist/tex/latex/rerunfilecheck/rerunfilecheck.sty
Package: rerunfilecheck 2022-07-10 v1.10 Rerun checks for auxiliary files (HO)
 (c:/texlive/2024/texmf-dist/tex/generic/uniquecounter/uniquecounter.sty
Package: uniquecounter 2019/12/15 v1.4 Provide unlimited unique counter (HO)
)
Package uniquecounter Info: New unique counter `rerunfilecheck' on input line 285.
)) (c:/texlive/2024/texmf-dist/tex/latex/beamer/beamerbaserequires.sty (c:/texlive/2024/texmf-dist/tex/latex/beamer/beamerbasecompatibility.sty) (c:/texlive/2024/texmf-dist/tex/latex/beamer/beamerbasefont.sty (c:/texlive/2024/texmf-dist/tex/latex/amsfonts/amssymb.sty
Package: amssymb 2013/01/14 v3.01 AMS font symbols
 (c:/texlive/2024/texmf-dist/tex/latex/amsfonts/amsfonts.sty
Package: amsfonts 2013/01/14 v3.01 Basic AMSFonts support
\@emptytoks=\toks29
\symAMSa=\mathgroup4
\symAMSb=\mathgroup5
LaTeX Font Info:    Redeclaring math symbol \hbar on input line 98.
LaTeX Font Info:    Overwriting math alphabet `\mathfrak' in version `bold'
(Font)                  U/euf/m/n --> U/euf/b/n on input line 106.
))) (c:/texlive/2024/texmf-dist/tex/latex/beamer/beamerbasetranslator.sty (c:/texlive/2024/texmf-dist/tex/latex/translator/translator.sty
Package: translator 2021-05-31 v1.12d Easy translation of strings in LaTeX
)) (c:/texlive/2024/texmf-dist/tex/latex/beamer/beamerbasemisc.sty) (c:/texlive/2024/texmf-dist/tex/latex/beamer/beamerbasetwoscreens.sty) (c:/texlive/2024/texmf-dist/tex/latex/beamer/beamerbaseoverlay.sty
\beamer@argscount=\count310
\beamer@lastskipcover=\skip51
\beamer@trivlistdepth=\count311
) (c:/texlive/2024/texmf-dist/tex/latex/beamer/beamerbasetitle.sty) (c:/texlive/2024/texmf-dist/tex/latex/beamer/beamerbasesection.sty
\c@lecture=\count312
\c@part=\count313
\c@section=\count314
\c@subsection=\count315
\c@subsubsection=\count316
) (c:/texlive/2024/texmf-dist/tex/latex/beamer/beamerbaseframe.sty
\beamer@framebox=\box66
\beamer@frametitlebox=\box67
\beamer@zoombox=\box68
\beamer@zoomcount=\count317
\beamer@zoomframecount=\count318
\beamer@frametextheight=\dimen271
\c@subsectionslide=\count319
\beamer@frametopskip=\skip52
\beamer@framebottomskip=\skip53
\beamer@frametopskipautobreak=\skip54
\beamer@framebottomskipautobreak=\skip55
\beamer@envbody=\toks30
\framewidth=\dimen272
\c@framenumber=\count320
) (c:/texlive/2024/texmf-dist/tex/latex/beamer/beamerbaseverbatim.sty
\beamer@verbatimfileout=\write4
) (c:/texlive/2024/texmf-dist/tex/latex/beamer/beamerbaseframesize.sty
\beamer@splitbox=\box69
\beamer@autobreakcount=\count321
\beamer@autobreaklastheight=\dimen273
\beamer@frametitletoks=\toks31
\beamer@framesubtitletoks=\toks32
) (c:/texlive/2024/texmf-dist/tex/latex/beamer/beamerbaseframecomponents.sty
\beamer@footins=\box70
) (c:/texlive/2024/texmf-dist/tex/latex/beamer/beamerbasecolor.sty) (c:/texlive/2024/texmf-dist/tex/latex/beamer/beamerbasenotes.sty
\beamer@frameboxcopy=\box71
) (c:/texlive/2024/texmf-dist/tex/latex/beamer/beamerbasetoc.sty) (c:/texlive/2024/texmf-dist/tex/latex/beamer/beamerbasetemplates.sty
\beamer@sbttoks=\toks33
 (c:/texlive/2024/texmf-dist/tex/latex/beamer/beamerbaseauxtemplates.sty (c:/texlive/2024/texmf-dist/tex/latex/beamer/beamerbaseboxes.sty
\bmb@box=\box72
\bmb@colorbox=\box73
\bmb@boxwidth=\dimen274
\bmb@boxheight=\dimen275
\bmb@prevheight=\dimen276
\bmb@temp=\dimen277
\bmb@dima=\dimen278
\bmb@dimb=\dimen279
\bmb@prevheight=\dimen280
)
\beamer@blockheadheight=\dimen281
)) (c:/texlive/2024/texmf-dist/tex/latex/beamer/beamerbaselocalstructure.sty (c:/texlive/2024/texmf-dist/tex/latex/tools/enumerate.sty
Package: enumerate 2023/07/04 v3.00 enumerate extensions (DPC)
\@enLab=\toks34
)
\beamer@bibiconwidth=\skip56
\c@figure=\count322
\c@table=\count323
\abovecaptionskip=\skip57
\belowcaptionskip=\skip58
) (c:/texlive/2024/texmf-dist/tex/latex/beamer/beamerbasenavigation.sty (c:/texlive/2024/texmf-dist/tex/latex/beamer/beamerbasenavigationsymbols.tex)
\beamer@section@min@dim=\dimen282
) (c:/texlive/2024/texmf-dist/tex/latex/beamer/beamerbasetheorems.sty (c:/texlive/2024/texmf-dist/tex/latex/amsmath/amsmath.sty
Package: amsmath 2023/05/13 v2.17o AMS math features
\@mathmargin=\skip59

For additional information on amsmath, use the `?' option.
(c:/texlive/2024/texmf-dist/tex/latex/amsmath/amstext.sty
Package: amstext 2021/08/26 v2.01 AMS text
 (c:/texlive/2024/texmf-dist/tex/latex/amsmath/amsgen.sty
File: amsgen.sty 1999/11/30 v2.0 generic functions
\@emptytoks=\toks35
\ex@=\dimen283
)) (c:/texlive/2024/texmf-dist/tex/latex/amsmath/amsbsy.sty
Package: amsbsy 1999/11/29 v1.2d Bold Symbols
\pmbraise@=\dimen284
) (c:/texlive/2024/texmf-dist/tex/latex/amsmath/amsopn.sty
Package: amsopn 2022/04/08 v2.04 operator names
)
\inf@bad=\count324
LaTeX Info: Redefining \frac on input line 234.
\uproot@=\count325
\leftroot@=\count326
LaTeX Info: Redefining \overline on input line 399.
LaTeX Info: Redefining \colon on input line 410.
\classnum@=\count327
\DOTSCASE@=\count328
LaTeX Info: Redefining \ldots on input line 496.
LaTeX Info: Redefining \dots on input line 499.
LaTeX Info: Redefining \cdots on input line 620.
\Mathstrutbox@=\box74
\strutbox@=\box75
LaTeX Info: Redefining \big on input line 722.
LaTeX Info: Redefining \Big on input line 723.
LaTeX Info: Redefining \bigg on input line 724.
LaTeX Info: Redefining \Bigg on input line 725.
\big@size=\dimen285
LaTeX Font Info:    Redeclaring font encoding OML on input line 743.
LaTeX Font Info:    Redeclaring font encoding OMS on input line 744.
\macc@depth=\count329
LaTeX Info: Redefining \bmod on input line 905.
LaTeX Info: Redefining \pmod on input line 910.
LaTeX Info: Redefining \smash on input line 940.
LaTeX Info: Redefining \relbar on input line 970.
LaTeX Info: Redefining \Relbar on input line 971.
\c@MaxMatrixCols=\count330
\dotsspace@=\muskip17
\c@parentequation=\count331
\dspbrk@lvl=\count332
\tag@help=\toks36
\row@=\count333
\column@=\count334
\maxfields@=\count335
\andhelp@=\toks37
\eqnshift@=\dimen286
\alignsep@=\dimen287
\tagshift@=\dimen288
\tagwidth@=\dimen289
\totwidth@=\dimen290
\lineht@=\dimen291
\@envbody=\toks38
\multlinegap=\skip60
\multlinetaggap=\skip61
\mathdisplay@stack=\toks39
LaTeX Info: Redefining \[ on input line 2953.
LaTeX Info: Redefining \] on input line 2954.
) (c:/texlive/2024/texmf-dist/tex/latex/amscls/amsthm.sty
Package: amsthm 2020/05/29 v2.20.6
\thm@style=\toks40
\thm@bodyfont=\toks41
\thm@headfont=\toks42
\thm@notefont=\toks43
\thm@headpunct=\toks44
\thm@preskip=\skip62
\thm@postskip=\skip63
\thm@headsep=\skip64
\dth@everypar=\toks45
)
\c@theorem=\count336
) (c:/texlive/2024/texmf-dist/tex/latex/beamer/beamerbasethemes.sty)) (c:/texlive/2024/texmf-dist/tex/latex/beamer/beamerthemedefault.sty (c:/texlive/2024/texmf-dist/tex/latex/beamer/beamerfontthemedefault.sty) (c:/texlive/2024/texmf-dist/tex/latex/beamer/beamercolorthemedefault.sty) (c:/texlive/2024/texmf-dist/tex/latex/beamer/beamerinnerthemedefault.sty
\beamer@dima=\dimen292
\beamer@dimb=\dimen293
) (c:/texlive/2024/texmf-dist/tex/latex/beamer/beamerouterthemedefault.sty))) (./package.tex (c:/texlive/2024/texmf-dist/tex/latex/base/inputenc.sty
Package: inputenc 2021/02/14 v1.3d Input encoding file
\inpenc@prehook=\toks46
\inpenc@posthook=\toks47
) (c:/texlive/2024/texmf-dist/tex/latex/base/fontenc.sty
Package: fontenc 2021/04/29 v2.0v Standard LaTeX package
) (./ol2a.sty (c:/texlive/2024/texmf-dist/tex/latex/beamer/beamerouterthemesmoothbars.sty) (c:/texlive/2024/texmf-dist/tex/latex/beamer/beamerinnerthemecircles.sty) (c:/texlive/2024/texmf-dist/tex/latex/beamer/beamerinnerthemerounded.sty)
\@backgroundblock=\box76


pdfTeX warning: pdflatex.exe (file ./background.pdf): PDF inclusion: found PDF version <1.7>, but at most version <1.5> allowed
) (c:/texlive/2024/texmf-dist/tex/latex/tools/multicol.sty
Package: multicol 2023/03/30 v1.9f multicolumn formatting (FMi)
\c@tracingmulticols=\count337
\mult@box=\box77
\multicol@leftmargin=\dimen294
\c@unbalance=\count338
\c@collectmore=\count339
\doublecol@number=\count340
\multicoltolerance=\count341
\multicolpretolerance=\count342
\full@width=\dimen295
\page@free=\dimen296
\premulticols=\dimen297
\postmulticols=\dimen298
\multicolsep=\skip65
\multicolbaselineskip=\skip66
\partial@page=\box78
\last@line=\box79
\mc@boxedresult=\box80
\maxbalancingoverflow=\dimen299
\mult@rightbox=\box81
\mult@grightbox=\box82
\mult@firstbox=\box83
\mult@gfirstbox=\box84
\@tempa=\box85
\@tempa=\box86
\@tempa=\box87
\@tempa=\box88
\@tempa=\box89
\@tempa=\box90
\@tempa=\box91
\@tempa=\box92
\@tempa=\box93
\@tempa=\box94
\@tempa=\box95
\@tempa=\box96
\@tempa=\box97
\@tempa=\box98
\@tempa=\box99
\@tempa=\box100
\@tempa=\box101
\@tempa=\box102
\@tempa=\box103
\@tempa=\box104
\@tempa=\box105
\@tempa=\box106
\@tempa=\box107
\@tempa=\box108
\@tempa=\box109
\@tempa=\box110
\@tempa=\box111
\@tempa=\box112
\@tempa=\box113
\@tempa=\box114
\@tempa=\box115
\@tempa=\box116
\@tempa=\box117
\@tempa=\box118
\@tempa=\box119
\@tempa=\box120
\c@minrows=\count343
\c@columnbadness=\count344
\c@finalcolumnbadness=\count345
\last@try=\dimen300
\multicolovershoot=\dimen301
\multicolundershoot=\dimen302
\mult@nat@firstbox=\box121
\colbreak@box=\box122
\mc@col@check@num=\count346
) (c:/texlive/2024/texmf-dist/tex/latex/subfigure/subfigure.sty
Package: subfigure 2002/03/15 v2.1.5 subfigure package
\subfigtopskip=\skip67
\subfigcapskip=\skip68
\subfigcaptopadj=\dimen303
\subfigbottomskip=\skip69
\subfigcapmargin=\dimen304
\subfiglabelskip=\skip70
\c@subfigure=\count347
\c@lofdepth=\count348
\c@subtable=\count349
\c@lotdepth=\count350

****************************************
* Local config file subfigure.cfg used *
****************************************
(c:/texlive/2024/texmf-dist/tex/latex/subfigure/subfigure.cfg)
\subfig@top=\skip71
\subfig@bottom=\skip72
) (c:/texlive/2024/texmf-dist/tex/latex/lm/lmodern.sty
Package: lmodern 2015/05/01 v1.6.1 Latin Modern Fonts
LaTeX Font Info:    Overwriting symbol font `operators' in version `normal'
(Font)                  OT1/cmr/m/n --> OT1/lmr/m/n on input line 22.
LaTeX Font Info:    Overwriting symbol font `letters' in version `normal'
(Font)                  OML/cmm/m/it --> OML/lmm/m/it on input line 23.
LaTeX Font Info:    Overwriting symbol font `symbols' in version `normal'
(Font)                  OMS/cmsy/m/n --> OMS/lmsy/m/n on input line 24.
LaTeX Font Info:    Overwriting symbol font `largesymbols' in version `normal'
(Font)                  OMX/cmex/m/n --> OMX/lmex/m/n on input line 25.
LaTeX Font Info:    Overwriting symbol font `operators' in version `bold'
(Font)                  OT1/cmr/bx/n --> OT1/lmr/bx/n on input line 26.
LaTeX Font Info:    Overwriting symbol font `letters' in version `bold'
(Font)                  OML/cmm/b/it --> OML/lmm/b/it on input line 27.
LaTeX Font Info:    Overwriting symbol font `symbols' in version `bold'
(Font)                  OMS/cmsy/b/n --> OMS/lmsy/b/n on input line 28.
LaTeX Font Info:    Overwriting symbol font `largesymbols' in version `bold'
(Font)                  OMX/cmex/m/n --> OMX/lmex/m/n on input line 29.
LaTeX Font Info:    Overwriting math alphabet `\mathbf' in version `normal'
(Font)                  OT1/cmr/bx/n --> OT1/lmr/bx/n on input line 31.
LaTeX Font Info:    Overwriting math alphabet `\mathsf' in version `normal'
(Font)                  OT1/cmss/m/n --> OT1/lmss/m/n on input line 32.
LaTeX Font Info:    Overwriting math alphabet `\mathit' in version `normal'
(Font)                  OT1/cmr/m/it --> OT1/lmr/m/it on input line 33.
LaTeX Font Info:    Overwriting math alphabet `\mathtt' in version `normal'
(Font)                  OT1/cmtt/m/n --> OT1/lmtt/m/n on input line 34.
LaTeX Font Info:    Overwriting math alphabet `\mathbf' in version `bold'
(Font)                  OT1/cmr/bx/n --> OT1/lmr/bx/n on input line 35.
LaTeX Font Info:    Overwriting math alphabet `\mathsf' in version `bold'
(Font)                  OT1/cmss/bx/n --> OT1/lmss/bx/n on input line 36.
LaTeX Font Info:    Overwriting math alphabet `\mathit' in version `bold'
(Font)                  OT1/cmr/bx/it --> OT1/lmr/bx/it on input line 37.
LaTeX Font Info:    Overwriting math alphabet `\mathtt' in version `bold'
(Font)                  OT1/cmtt/m/n --> OT1/lmtt/m/n on input line 38.
) (c:/texlive/2024/texmf-dist/tex/latex/base/textcomp.sty
Package: textcomp 2020/02/02 v2.0n Standard LaTeX package
) (c:/texlive/2024/texmf-dist/tex/latex/gensymb/gensymb.sty
Package: gensymb 2022/10/17 v1.0.2 (KJH)
) (c:/texlive/2024/texmf-dist/tex/latex/textpos/textpos.sty
Package: textpos 2022/07/23 v1.10.1
Package textpos Info: choosing support for LaTeX3 on input line 60.
\TP@textbox=\box123
\TP@holdbox=\box124
\TPHorizModule=\dimen305
\TPVertModule=\dimen306
\TP@margin=\dimen307
\TP@absmargin=\dimen308

Grid set 16 x 16 = 28.45274pt x 16.00467pt
\TPboxrulesize=\dimen309
\TP@ox=\dimen310
\TP@oy=\dimen311
\TP@tbargs=\toks48
TextBlockOrigin set to 0pt x 0pt
) (c:/texlive/2024/texmf-dist/tex/generic/babel/babel.sty
Package: babel 2024/04/20 v24.4 The Babel package
\babel@savecnt=\count351
\U@D=\dimen312
\l@unhyphenated=\language7
 (c:/texlive/2024/texmf-dist/tex/generic/babel/txtbabel.def)
\bbl@readstream=\read3
LaTeX Info: Redefining \textlatin on input line 3930.
\bbl@dirlevel=\count352
 (c:/texlive/2024/texmf-dist/tex/generic/babel-english/english.ldf
Language: english 2017/06/06 v3.3r English support from the babel system
Package babel Info: Hyphen rules for 'canadian' set to \l@english
(babel)             (\language0). Reported on input line 102.
Package babel Info: Hyphen rules for 'australian' set to \l@ukenglish
(babel)             (\language5). Reported on input line 105.
Package babel Info: Hyphen rules for 'newzealand' set to \l@ukenglish
(babel)             (\language5). Reported on input line 108.
)) (c:/texlive/2024/texmf-dist/tex/generic/babel/locale/en/babel-english.tex
Package babel Info: Importing font and identification data for english
(babel)             from babel-en.ini. Reported on input line 11.
) (c:/texlive/2024/texmf-dist/tex/latex/base/latexsym.sty
Package: latexsym 1998/08/17 v2.2e Standard LaTeX package (lasy symbols)
\symlasy=\mathgroup6
LaTeX Font Info:    Overwriting symbol font `lasy' in version `bold'
(Font)                  U/lasy/m/n --> U/lasy/b/n on input line 52.
) (c:/texlive/2024/texmf-dist/tex/latex/booktabs/booktabs.sty
Package: booktabs 2020/01/12 v1.61803398 Publication quality tables
\heavyrulewidth=\dimen313
\lightrulewidth=\dimen314
\cmidrulewidth=\dimen315
\belowrulesep=\dimen316
\belowbottomsep=\dimen317
\aboverulesep=\dimen318
\abovetopsep=\dimen319
\cmidrulesep=\dimen320
\cmidrulekern=\dimen321
\defaultaddspace=\dimen322
\@cmidla=\count353
\@cmidlb=\count354
\@aboverulesep=\dimen323
\@belowrulesep=\dimen324
\@thisruleclass=\count355
\@lastruleclass=\count356
\@thisrulewidth=\dimen325
) (c:/texlive/2024/texmf-dist/tex/latex/fundus-calligra/calligra.sty
Package: calligra 2012/04/10 v1.9 LaTeX package calligra
) (c:/texlive/2024/texmf-dist/tex/latex/pstricks/pstricks.sty
Package: pstricks 2024/02/02 v0.75 LaTeX wrapper for `PSTricks' (RN,HV)
 (c:/texlive/2024/texmf-dist/tex/generic/xkeyval/pst-xkey.tex
File: pst-xkey.tex 2005/11/25 v1.6 PSTricks specialization of xkeyval (HA)
 (c:/texlive/2024/texmf-dist/tex/latex/xkeyval/xkeyval.sty
Package: xkeyval 2022/06/16 v2.9 package option processing (HA)
 (c:/texlive/2024/texmf-dist/tex/generic/xkeyval/xkeyval.tex (c:/texlive/2024/texmf-dist/tex/generic/xkeyval/xkvutils.tex
\XKV@toks=\toks49
\XKV@tempa@toks=\toks50
)
\XKV@depth=\count357
File: xkeyval.tex 2014/12/03 v2.7a key=value parser (HA)
))) (c:/texlive/2024/texmf-dist/tex/generic/pstricks/pstricks.tex (c:/texlive/2024/texmf-dist/tex/generic/pstricks/pst-fp.tex `pst-fp' v0.06, 2020/11/20 (hv)
\pstFP@xs=\count358
\pstFP@xia=\count359
\pstFP@xib=\count360
\pstFP@xfa=\count361
\pstFP@xfb=\count362
\pstFP@rega=\count363
\pstFP@regb=\count364
\pstFP@regs=\count365
\pstFP@times=\count366
)
\psLoopIndex=\count367

`PSTricks' v3.19c  <2024/02/02> (tvz,hv)
\pst@dima=\dimen326
\pst@dimb=\dimen327
\pst@dimc=\dimen328
\pst@dimd=\dimen329
\pst@dimg=\dimen330
\pst@dimh=\dimen331
\pst@dimm=\dimen332
\pst@dimn=\dimen333
\pst@dimo=\dimen334
\pst@dimp=\dimen335
\pst@hbox=\box125
\pst@ibox=\box126
\pst@boxg=\box127
\pst@cnta=\count368
\pst@cntb=\count369
\pst@cntc=\count370
\pst@cntd=\count371
\pst@cntg=\count372
\pst@cnth=\count373
\pst@cntm=\count374
\pst@cntn=\count375
\pst@cnto=\count376
\pst@cntp=\count377
\@zero=\count378
\pst@toks=\toks51
--- We are running latex or xelatex ---
(c:/texlive/2024/texmf-dist/tex/generic/pstricks/pstricks.con) (c:/texlive/2024/texmf-dist/tex/generic/pstricks/pstricks-color.tex)
\psunit=\dimen336
\psxunit=\dimen337
\psyunit=\dimen338
\pst@C@@rType=\count379
\pslinewidth=\dimen339
\psk@startLW=\dimen340
\psk@endLW=\dimen341
 (c:/texlive/2024/texmf-dist/tex/generic/pstricks/pstricks-arrows.tex
\pshooklength=\dimen342
\pshookwidth=\dimen343
)
\pst@customdefs=\toks52
 (c:/texlive/2024/texmf-dist/tex/generic/pstricks/pstricks-dots.tex)
\pslinearc=\dimen344
\pst@symbolStep=\dimen345
\pst@symbolWidth=\dimen346
\pst@symbolLinewidth=\dimen347
\everypsbox=\toks53
\psframesep=\dimen348
\pslabelsep=\dimen349
\sh@wgridXunit=\dimen350
\sh@wgridYunit=\dimen351
\pst@shift=\dimen352
\ps@imagectr=\count380
 (c:/texlive/2024/texmf-dist/tex/generic/pstricks/pstricks.con))
File: pstricks.tex 2024/02/02 v3.19c `PSTricks' (tvz,hv)
 (c:/texlive/2024/texmf-dist/tex/generic/pstricks/pst-fp.tex `pst-fp' v0.06, 2020/11/20 (hv))
File: pst-fp.tex 2020/11/20 v0.06 `PST-fp' (hv)
) (c:/texlive/2024/texmf-dist/tex/latex/listings/listings.sty
\lst@mode=\count381
\lst@gtempboxa=\box128
\lst@token=\toks54
\lst@length=\count382
\lst@currlwidth=\dimen353
\lst@column=\count383
\lst@pos=\count384
\lst@lostspace=\dimen354
\lst@width=\dimen355
\lst@newlines=\count385
\lst@lineno=\count386
\lst@maxwidth=\dimen356
 (c:/texlive/2024/texmf-dist/tex/latex/listings/lstpatch.sty
File: lstpatch.sty 2024/03/11 1.10a (Carsten Heinz)
) (c:/texlive/2024/texmf-dist/tex/latex/listings/lstmisc.sty
File: lstmisc.sty 2024/03/11 1.10a (Carsten Heinz)
\c@lstnumber=\count387
\lst@skipnumbers=\count388
\lst@framebox=\box129
) (c:/texlive/2024/texmf-dist/tex/latex/listings/listings.cfg
File: listings.cfg 2024/03/11 1.10a listings configuration
))
Package: listings 2024/03/11 1.10a (Carsten Heinz)
 (c:/texlive/2024/texmf-dist/tex/latex/stackengine/stackengine.sty
Package: stackengine 2021/07/22 v4.11\ Stacking text and objects in convenient ways
 (c:/texlive/2024/texmf-dist/tex/generic/listofitems/listofitems.sty (c:/texlive/2024/texmf-dist/tex/generic/listofitems/listofitems.tex
\loi_cnt_foreach_nest=\count389
\loi_nestcnt=\count390
)
Package: listofitems 2024/03/09 v1.65 Grab items in lists using user-specified sep char (CT)
) (c:/texlive/2024/texmf-dist/tex/latex/tools/calc.sty
Package: calc 2023/07/08 v4.3 Infix arithmetic (KKT,FJ)
\calc@Acount=\count391
\calc@Bcount=\count392
\calc@Adimen=\dimen357
\calc@Bdimen=\dimen358
\calc@Askip=\skip73
\calc@Bskip=\skip74
LaTeX Info: Redefining \setlength on input line 80.
LaTeX Info: Redefining \addtolength on input line 81.
\calc@Ccount=\count393
\calc@Cskip=\skip75
)
\c@@stackindex=\count394
\@boxshift=\skip76
\stack@tmplength=\skip77
\temp@stkl=\skip78
\@stackedboxwidth=\skip79
\@addedbox=\box130
\@anchorbox=\box131
\@insetbox=\box132
\se@backgroundbox=\box133
\stackedbox=\box134
\@centerbox=\box135
\c@ROWcellindex@=\count395
) (c:/texlive/2024/texmf-dist/tex/latex/lipsum/lipsum.sty (c:/texlive/2024/texmf-dist/tex/latex/l3packages/l3keys2e/l3keys2e.sty (c:/texlive/2024/texmf-dist/tex/latex/l3kernel/expl3.sty
Package: expl3 2024-03-14 L3 programming layer (loader) 
 (c:/texlive/2024/texmf-dist/tex/latex/l3backend/l3backend-pdftex.def
File: l3backend-pdftex.def 2024-03-14 L3 backend support: PDF output (pdfTeX)
\l__color_backend_stack_int=\count396
\l__pdf_internal_box=\box136
))
Package: l3keys2e 2024-03-14 LaTeX2e option processing using LaTeX3 keys
)
Package: lipsum 2021-09-20 v2.7 150 paragraphs of Lorem Ipsum dummy text
\g__lipsum_par_int=\count397
\l__lipsum_a_int=\count398
\l__lipsum_b_int=\count399
 (c:/texlive/2024/texmf-dist/tex/latex/lipsum/lipsum.ltd.tex)) (c:/texlive/2024/texmf-dist/tex/latex/cases/cases.sty
Package: cases 2020/03/29 ver 3.2
\numc@numwid=\dimen359
) (c:/texlive/2024/texmf-dist/tex/latex/fancybox/fancybox.sty
Package: fancybox 2010/05/15 1.4

Style option: `fancybox' v1.4 <2010/05/15> (tvz)
\@fancybox=\box137
\shadowsize=\dimen360
\@Sbox=\box138
\do@VerbBox=\toks55
\the@fancyput=\toks56
\this@fancyput=\toks57
\EndVerbatimTokens=\toks58
\Verbatim@Outfile=\write5
\Verbatim@Infile=\read4
) (c:/texlive/2024/texmf-dist/tex/latex/psnfss/palatino.sty
Package: palatino 2020/03/25 PSNFSS-v9.3 (SPQR) 
) (c:/texlive/2024/texmf-dist/tex/latex/psnfss/mathpazo.sty
Package: mathpazo 2020/03/25 PSNFSS-v9.3 Palatino w/ Pazo Math (D.Puga, WaS) 
\symupright=\mathgroup7
) (c:/texlive/2024/texmf-dist/tex/latex/sidecap/sidecap.sty
Package: sidecap 2023/01/24 v1.7a SideCap Package (RN/HjG)
 (c:/texlive/2024/texmf-dist/tex/latex/base/ifthen.sty
Package: ifthen 2022/04/13 v1.1d Standard LaTeX ifthen package (DPC)
)
\SC@BOXWD=\dimen361
\SC@CAPWD=\dimen362
\SC@tempdima=\dimen363
\SC@tempdimb=\dimen364
\c@SC@C=\count400
\SC@BOX=\box139
) (c:/texlive/2024/texmf-dist/tex/latex/changepage/changepage.sty
Package: changepage 2009/10/20 v1.0c check page and change page layout
\c@cp@cntr=\count401
\cp@tempcnt=\count402
))
LaTeX Font Info:    Trying to load font information for T1+phv on input line 13.
 (c:/texlive/2024/texmf-dist/tex/latex/psnfss/t1phv.fd
File: t1phv.fd 2020/03/25 scalable font definitions for T1/phv.
) (./Presentation.aux)
\openout1 = `Presentation.aux'.

LaTeX Font Info:    Checking defaults for OML/cmm/m/it on input line 13.
LaTeX Font Info:    ... okay on input line 13.
LaTeX Font Info:    Checking defaults for OMS/cmsy/m/n on input line 13.
LaTeX Font Info:    ... okay on input line 13.
LaTeX Font Info:    Checking defaults for OT1/cmr/m/n on input line 13.
LaTeX Font Info:    ... okay on input line 13.
LaTeX Font Info:    Checking defaults for T1/cmr/m/n on input line 13.
LaTeX Font Info:    ... okay on input line 13.
LaTeX Font Info:    Checking defaults for TS1/cmr/m/n on input line 13.
LaTeX Font Info:    ... okay on input line 13.
LaTeX Font Info:    Checking defaults for OMX/cmex/m/n on input line 13.
LaTeX Font Info:    ... okay on input line 13.
LaTeX Font Info:    Checking defaults for U/cmr/m/n on input line 13.
LaTeX Font Info:    ... okay on input line 13.
LaTeX Font Info:    Checking defaults for PD1/pdf/m/n on input line 13.
LaTeX Font Info:    ... okay on input line 13.
LaTeX Font Info:    Checking defaults for PU/pdf/m/n on input line 13.
LaTeX Font Info:    ... okay on input line 13.

*geometry* driver: auto-detecting
*geometry* detected driver: pdftex
*geometry* verbose mode - [ preamble ] result:
* driver: pdftex
* paper: custom
* layout: <same size as paper>
* layoutoffset:(h,v)=(0.0pt,0.0pt)
* modes: includehead includefoot 
* h-part:(L,W,R)=(28.45274pt, 398.3386pt, 28.45274pt)
* v-part:(T,H,B)=(0.0pt, 256.0748pt, 0.0pt)
* \paperwidth=455.24408pt
* \paperheight=256.0748pt
* \textwidth=398.3386pt
* \textheight=227.62207pt
* \oddsidemargin=-43.81725pt
* \evensidemargin=-43.81725pt
* \topmargin=-72.26999pt
* \headheight=14.22636pt
* \headsep=0.0pt
* \topskip=11.0pt
* \footskip=14.22636pt
* \marginparwidth=4.0pt
* \marginparsep=10.0pt
* \columnsep=10.0pt
* \skip\footins=10.0pt plus 4.0pt minus 2.0pt
* \hoffset=0.0pt
* \voffset=0.0pt
* \mag=1000
* \@twocolumnfalse
* \@twosidefalse
* \@mparswitchfalse
* \@reversemarginfalse
* (1in=72.27pt=25.4mm, 1cm=28.453pt)

(c:/texlive/2024/texmf-dist/tex/context/base/mkii/supp-pdf.mkii
[Loading MPS to PDF converter (version 2006.09.02).]
\scratchcounter=\count403
\scratchdimen=\dimen365
\scratchbox=\box140
\nofMPsegments=\count404
\nofMParguments=\count405
\everyMPshowfont=\toks59
\MPscratchCnt=\count406
\MPscratchDim=\dimen366
\MPnumerator=\count407
\makeMPintoPDFobject=\count408
\everyMPtoPDFconversion=\toks60
) (c:/texlive/2024/texmf-dist/tex/latex/epstopdf-pkg/epstopdf-base.sty
Package: epstopdf-base 2020-01-24 v2.11 Base part for package epstopdf
Package epstopdf-base Info: Redefining graphics rule for `.eps' on input line 485.
 (c:/texlive/2024/texmf-dist/tex/latex/latexconfig/epstopdf-sys.cfg
File: epstopdf-sys.cfg 2010/07/13 v1.3 Configuration of (r)epstopdf for TeX Live
))
Package hyperref Info: Link coloring OFF on input line 13.
 (./Presentation.out) (./Presentation.out)
\@outlinefile=\write6
\openout6 = `Presentation.out'.

LaTeX Font Info:    Overwriting symbol font `operators' in version `normal'
(Font)                  OT1/ppl/m/n --> OT1/cmss/m/n on input line 13.
LaTeX Font Info:    Overwriting symbol font `operators' in version `bold'
(Font)                  OT1/ppl/b/n --> OT1/cmss/b/n on input line 13.
LaTeX Font Info:    Overwriting symbol font `operators' in version `normal'
(Font)                  OT1/cmss/m/n --> OT1/phv/m/n on input line 13.
LaTeX Font Info:    Overwriting symbol font `operators' in version `bold'
(Font)                  OT1/cmss/b/n --> OT1/phv/b/n on input line 13.
\symnumbers=\mathgroup8
\sympureletters=\mathgroup9
LaTeX Font Info:    Overwriting math alphabet `\mathrm' in version `normal'
(Font)                  OT1/phv/m/n --> T1/ppl/m/n on input line 13.
LaTeX Font Info:    Redeclaring math alphabet \mathbf on input line 13.
LaTeX Font Info:    Overwriting math alphabet `\mathbf' in version `normal'
(Font)                  OT1/zplm/b/n --> T1/phv/b/n on input line 13.
LaTeX Font Info:    Overwriting math alphabet `\mathbf' in version `bold'
(Font)                  OT1/zplm/b/n --> T1/phv/b/n on input line 13.
LaTeX Font Info:    Redeclaring math alphabet \mathsf on input line 13.
LaTeX Font Info:    Overwriting math alphabet `\mathsf' in version `normal'
(Font)                  OT1/lmss/m/n --> T1/phv/m/n on input line 13.
LaTeX Font Info:    Overwriting math alphabet `\mathsf' in version `bold'
(Font)                  OT1/lmss/bx/n --> T1/phv/m/n on input line 13.
LaTeX Font Info:    Redeclaring math alphabet \mathit on input line 13.
LaTeX Font Info:    Overwriting math alphabet `\mathit' in version `normal'
(Font)                  OT1/ppl/m/it --> T1/phv/m/it on input line 13.
LaTeX Font Info:    Overwriting math alphabet `\mathit' in version `bold'
(Font)                  OT1/ppl/b/it --> T1/phv/m/it on input line 13.
LaTeX Font Info:    Redeclaring math alphabet \mathtt on input line 13.
LaTeX Font Info:    Overwriting math alphabet `\mathtt' in version `normal'
(Font)                  OT1/lmtt/m/n --> T1/pcr/m/n on input line 13.
LaTeX Font Info:    Overwriting math alphabet `\mathtt' in version `bold'
(Font)                  OT1/lmtt/m/n --> T1/pcr/m/n on input line 13.
LaTeX Font Info:    Overwriting symbol font `numbers' in version `bold'
(Font)                  T1/phv/m/n --> T1/phv/b/n on input line 13.
LaTeX Font Info:    Overwriting symbol font `pureletters' in version `bold'
(Font)                  T1/phv/m/it --> T1/phv/b/it on input line 13.
LaTeX Font Info:    Overwriting math alphabet `\mathrm' in version `bold'
(Font)                  OT1/phv/b/n --> T1/ppl/b/n on input line 13.
LaTeX Font Info:    Overwriting math alphabet `\mathbf' in version `bold'
(Font)                  T1/phv/b/n --> T1/phv/b/n on input line 13.
LaTeX Font Info:    Overwriting math alphabet `\mathsf' in version `bold'
(Font)                  T1/phv/m/n --> T1/phv/b/n on input line 13.
LaTeX Font Info:    Overwriting math alphabet `\mathit' in version `bold'
(Font)                  T1/phv/m/it --> T1/phv/b/it on input line 13.
LaTeX Font Info:    Overwriting math alphabet `\mathtt' in version `bold'
(Font)                  T1/pcr/m/n --> T1/pcr/b/n on input line 13.
 (c:/texlive/2024/texmf-dist/tex/latex/translator/translator-basic-dictionary-English.dict
Dictionary: translator-basic-dictionary, Language: English 
) (c:/texlive/2024/texmf-dist/tex/latex/translator/translator-bibliography-dictionary-English.dict
Dictionary: translator-bibliography-dictionary, Language: English 
) (c:/texlive/2024/texmf-dist/tex/latex/translator/translator-environment-dictionary-English.dict
Dictionary: translator-environment-dictionary, Language: English 
) (c:/texlive/2024/texmf-dist/tex/latex/translator/translator-months-dictionary-English.dict
Dictionary: translator-months-dictionary, Language: English 
) (c:/texlive/2024/texmf-dist/tex/latex/translator/translator-numbers-dictionary-English.dict
Dictionary: translator-numbers-dictionary, Language: English 
) (c:/texlive/2024/texmf-dist/tex/latex/translator/translator-theorem-dictionary-English.dict
Dictionary: translator-theorem-dictionary, Language: English 
)
\symgns@font=\mathgroup10
LaTeX Font Info:    Overwriting symbol font `gns@font' in version `bold'
(Font)                  TS1/phv/m/n --> TS1/phv/b/n on input line 13.
Package gensymb Info: Math companion symbols declared on input line 13.
LaTeX Info: Redefining \degree on input line 13.
LaTeX Info: Redefining \celsius on input line 13.
Package gensymb Info: Using text companion symbols for \degree, \celsius and \perthousand on input line 13.
LaTeX Info: Redefining \ohm on input line 13.
Package gensymb Info: Using \textohm for \ohm on input line 13.
Package gensymb Info: Using \textmu for \micro on input line 13.
\c@lstlisting=\count409
 (c:/texlive/2024/texmf-dist/tex/latex/ragged2e/ragged2e.sty
Package: ragged2e 2023/06/22 v3.6 ragged2e Package
\CenteringLeftskip=\skip80
\RaggedLeftLeftskip=\skip81
\RaggedRightLeftskip=\skip82
\CenteringRightskip=\skip83
\RaggedLeftRightskip=\skip84
\RaggedRightRightskip=\skip85
\CenteringParfillskip=\skip86
\RaggedLeftParfillskip=\skip87
\RaggedRightParfillskip=\skip88
\JustifyingParfillskip=\skip89
\CenteringParindent=\skip90
\RaggedLeftParindent=\skip91
\RaggedRightParindent=\skip92
\JustifyingParindent=\skip93
) (./Presentation.nav)
Overfull \hbox (455.24405pt too wide) in paragraph at lines 13--13
[][][]  
 []

<imagem3.png, id=50, 1196.97188pt x 145.29282pt>
File: imagem3.png Graphic file (type png)
<use imagem3.png>
Package pdftex.def Info: imagem3.png  used on input line 13.
(pdftex.def)             Requested size: 455.2376pt x 34.14381pt.

Overfull \hbox (55.38643pt too wide) detected at line 13
  [] [][][] [][][][][][][] [][][][][] [][][][][][][] [][][][] [][][][][][][][][] [][][][]  
 []



pdfTeX warning: pdflatex.exe (file ./background.pdf): PDF inclusion: found PDF version <1.7>, but at most version <1.5> allowed
<background.pdf, id=90, 845.19934pt x 474.09216pt>
File: background.pdf Graphic file (type pdf)
<use background.pdf>
Package pdftex.def Info: background.pdf  used on input line 15.
(pdftex.def)             Requested size: 455.24014pt x 256.08553pt.

Overfull \hbox (455.89957pt too wide) detected at line 16
  [] 
 []


Overfull \vbox (256.08553pt too high) detected at line 16
 []


Overfull \hbox (455.24405pt too wide) in paragraph at lines 17--17
[][][]  
 []

File: imagem3.png Graphic file (type png)
<use imagem3.png>
Package pdftex.def Info: imagem3.png  used on input line 17.
(pdftex.def)             Requested size: 455.2376pt x 34.14381pt.

Overfull \hbox (55.38643pt too wide) detected at line 17
  [] [][][] [][][][][][][] [][][][][] [][][][][][][] [][][][] [][][][][][][][][] [][][][]  
 []

<Figures/logo-Fonderie.pdf, id=131, 632.3625pt x 199.74625pt>
File: Figures/logo-Fonderie.pdf Graphic file (type pdf)
<use Figures/logo-Fonderie.pdf>
Package pdftex.def Info: Figures/logo-Fonderie.pdf  used on input line 17.
(pdftex.def)             Requested size: 105.16235pt x 33.21577pt.
LaTeX Font Info:    Trying to load font information for OT1+phv on input line 17.
(c:/texlive/2024/texmf-dist/tex/latex/psnfss/ot1phv.fd
File: ot1phv.fd 2020/03/25 scalable font definitions for OT1/phv.
)
LaTeX Font Info:    Trying to load font information for OML+zplm on input line 17.
 (c:/texlive/2024/texmf-dist/tex/latex/psnfss/omlzplm.fd
File: omlzplm.fd 2002/09/08 Fontinst v1.914 font definitions for OML/zplm.
)
LaTeX Font Info:    Trying to load font information for OMS+zplm on input line 17.
 (c:/texlive/2024/texmf-dist/tex/latex/psnfss/omszplm.fd
File: omszplm.fd 2002/09/08 Fontinst v1.914 font definitions for OMS/zplm.
)
LaTeX Font Info:    Trying to load font information for OMX+zplm on input line 17.
 (c:/texlive/2024/texmf-dist/tex/latex/psnfss/omxzplm.fd
File: omxzplm.fd 2002/09/08 Fontinst v1.914 font definitions for OMX/zplm.
)
LaTeX Font Info:    Font shape `U/msa/m/n' will be
(Font)              scaled to size 11.40997pt on input line 17.
LaTeX Font Info:    Font shape `U/msa/m/n' will be
(Font)              scaled to size 8.33606pt on input line 17.
LaTeX Font Info:    Font shape `U/msa/m/n' will be
(Font)              scaled to size 6.25204pt on input line 17.
LaTeX Font Info:    Font shape `U/msb/m/n' will be
(Font)              scaled to size 11.40997pt on input line 17.
LaTeX Font Info:    Font shape `U/msb/m/n' will be
(Font)              scaled to size 8.33606pt on input line 17.
LaTeX Font Info:    Font shape `U/msb/m/n' will be
(Font)              scaled to size 6.25204pt on input line 17.
LaTeX Font Info:    Trying to load font information for U+lasy on input line 17.
 (c:/texlive/2024/texmf-dist/tex/latex/base/ulasy.fd
File: ulasy.fd 1998/08/17 v2.2e LaTeX symbol font definitions
)
LaTeX Font Info:    Trying to load font information for OT1+zplm on input line 17.
 (c:/texlive/2024/texmf-dist/tex/latex/psnfss/ot1zplm.fd
File: ot1zplm.fd 2002/09/08 Fontinst v1.914 font definitions for OT1/zplm.
)
LaTeX Font Info:    Font shape `T1/phv/m/it' in size <10.95> not available
(Font)              Font shape `T1/phv/m/sl' tried instead on input line 17.
LaTeX Font Info:    Font shape `T1/phv/m/it' in size <8> not available
(Font)              Font shape `T1/phv/m/sl' tried instead on input line 17.
LaTeX Font Info:    Font shape `T1/phv/m/it' in size <6> not available
(Font)              Font shape `T1/phv/m/sl' tried instead on input line 17.
LaTeX Font Info:    Trying to load font information for TS1+phv on input line 17.
 (c:/texlive/2024/texmf-dist/tex/latex/psnfss/ts1phv.fd
File: ts1phv.fd 2020/03/25 scalable font definitions for TS1/phv.
)

pdfTeX warning: pdflatex.exe (file ./Figures/logo-unistra.pdf): PDF inclusion: found PDF version <1.7>, but at most version <1.5> allowed
<Figures/logo-unistra.pdf, id=132, 846.0231pt x 321.56834pt>
File: Figures/logo-unistra.pdf Graphic file (type pdf)
<use Figures/logo-unistra.pdf>
Package pdftex.def Info: Figures/logo-unistra.pdf  used on input line 17.
(pdftex.def)             Requested size: 105.16235pt x 39.97023pt.


pdfTeX warning: pdflatex.exe (file ./Figures/logoCSMI.pdf): PDF inclusion: found PDF version <1.7>, but at most version <1.5> allowed
<Figures/logoCSMI.pdf, id=133, 846.34946pt x 557.26945pt>
File: Figures/logoCSMI.pdf Graphic file (type pdf)
<use Figures/logoCSMI.pdf>
Package pdftex.def Info: Figures/logoCSMI.pdf  used on input line 17.
(pdftex.def)             Requested size: 105.16235pt x 69.24184pt.
[1
Non-PDF special ignored!
<special> header=pstricks.pro
Non-PDF special ignored!
<special> header=pst-algparser.pro
Non-PDF special ignored!
<special> header=pst-tools.pro
Non-PDF special ignored!
<special> header=pst-dots.pro

Non-PDF special ignored!
<special> ps: /pssetRGBcolor /setrgbcolor load def /pssetCMYKcolor /setcmyk...
Non-PDF special ignored!
<special> ps:tx@Dict begin  gsave STV CP T /ps@rot 0 def grestore  end
Non-PDF special ignored!
<special> ps:tx@Dict begin  gsave STV CP T /ps@refangle 0.  def grestore  e...
{c:/texlive/2024/texmf-var/fonts/map/pdftex/updmap/pdftex.map}{c:/texlive/2024/texmf-dist/fonts/enc/dvips/base/8r.enc} <./background.pdf> <./Figures/logo-Fonderie.pdf> <./Figures/logo-unistra.pdf> <./Figures/logoCSMI.pdf>]
Overfull \hbox (455.24405pt too wide) in paragraph at lines 32--32
[][][]  
 []

File: imagem3.png Graphic file (type png)
<use imagem3.png>
Package pdftex.def Info: imagem3.png  used on input line 32.
(pdftex.def)             Requested size: 455.2376pt x 34.14381pt.

Overfull \hbox (55.38643pt too wide) detected at line 32
  [] [][][] [][][][][][][] [][][][][] [][][][][][][] [][][][] [][][][][][][][][] [][][][]  
 []

(./Presentation.toc) (./Presentation.toc)
File: imagem3.png Graphic file (type png)
<use imagem3.png>
Package pdftex.def Info: imagem3.png  used on input line 32.
(pdftex.def)             Requested size: 455.2376pt x 34.14381pt.

Overfull \hbox (55.38643pt too wide) has occurred while \output is active
  [] [][][] [][][][][][][] [][][][][] [][][][][][][] [][][][] [][][][][][][][][] [][][][]  
 []


Overfull \hbox (455.24405pt too wide) has occurred while \output is active
[][][] 
 []

[2

 <./imagem3.png>]
Overfull \hbox (455.24405pt too wide) in paragraph at lines 34--34
[][][]  
 []

File: imagem3.png Graphic file (type png)
<use imagem3.png>
Package pdftex.def Info: imagem3.png  used on input line 34.
(pdftex.def)             Requested size: 455.2376pt x 34.14381pt.

Overfull \hbox (55.38643pt too wide) detected at line 34
  [] [][][] [][][][][][][] [][][][][] [][][][][][][] [][][][] [][][][][][][][][] [][][][]  
 []

(./Presentation.toc)
File: imagem3.png Graphic file (type png)
<use imagem3.png>
Package pdftex.def Info: imagem3.png  used on input line 34.
(pdftex.def)             Requested size: 455.2376pt x 34.14381pt.

Overfull \hbox (55.38643pt too wide) has occurred while \output is active
  [] [][][] [][][][][][][] [][][][][] [][][][][][][] [][][][] [][][][][][][][][] [][][][]  
 []


Overfull \hbox (455.24405pt too wide) has occurred while \output is active
[][][] 
 []

[3

]
Overfull \hbox (455.24405pt too wide) in paragraph at lines 57--57
[][][]  
 []

File: imagem3.png Graphic file (type png)
<use imagem3.png>
Package pdftex.def Info: imagem3.png  used on input line 57.
(pdftex.def)             Requested size: 455.2376pt x 34.14381pt.

Overfull \hbox (55.38643pt too wide) detected at line 57
  [] [][][] [][][][][][][] [][][][][] [][][][][][][] [][][][] [][][][][][][][][] [][][][]  
 []

LaTeX Font Info:    Font shape `U/msa/m/n' will be
(Font)              scaled to size 10.42007pt on input line 57.
LaTeX Font Info:    Font shape `U/msa/m/n' will be
(Font)              scaled to size 7.91925pt on input line 57.
LaTeX Font Info:    Font shape `U/msb/m/n' will be
(Font)              scaled to size 10.42007pt on input line 57.
LaTeX Font Info:    Font shape `U/msb/m/n' will be
(Font)              scaled to size 7.91925pt on input line 57.
LaTeX Font Info:    Font shape `T1/phv/m/it' in size <10> not available
(Font)              Font shape `T1/phv/m/sl' tried instead on input line 57.
LaTeX Font Info:    Font shape `T1/phv/m/it' in size <7.6> not available
(Font)              Font shape `T1/phv/m/sl' tried instead on input line 57.
File: imagem3.png Graphic file (type png)
<use imagem3.png>
Package pdftex.def Info: imagem3.png  used on input line 57.
(pdftex.def)             Requested size: 455.2376pt x 34.14381pt.

Overfull \hbox (55.38643pt too wide) has occurred while \output is active
  [] [][][] [][][][][][][] [][][][][] [][][][][][][] [][][][] [][][][][][][][][] [][][][]  
 []


Overfull \hbox (455.24405pt too wide) has occurred while \output is active
[][][] 
 []

[4

]
Overfull \hbox (455.24405pt too wide) in paragraph at lines 60--60
[][][]  
 []

File: imagem3.png Graphic file (type png)
<use imagem3.png>
Package pdftex.def Info: imagem3.png  used on input line 60.
(pdftex.def)             Requested size: 455.2376pt x 34.14381pt.

Overfull \hbox (55.38643pt too wide) detected at line 60
  [] [][][] [][][][][][][] [][][][][] [][][][][][][] [][][][] [][][][][][][][][] [][][][]  
 []

(./Presentation.toc)
File: imagem3.png Graphic file (type png)
<use imagem3.png>
Package pdftex.def Info: imagem3.png  used on input line 60.
(pdftex.def)             Requested size: 455.2376pt x 34.14381pt.

Overfull \hbox (55.38643pt too wide) has occurred while \output is active
  [] [][][] [][][][][][][] [][][][][] [][][][][][][] [][][][] [][][][][][][][][] [][][][]  
 []


Overfull \hbox (455.24405pt too wide) has occurred while \output is active
[][][] 
 []

[5

]
Overfull \hbox (455.24405pt too wide) in paragraph at lines 81--81
[][][]  
 []

File: imagem3.png Graphic file (type png)
<use imagem3.png>
Package pdftex.def Info: imagem3.png  used on input line 81.
(pdftex.def)             Requested size: 455.2376pt x 34.14381pt.

Overfull \hbox (55.38643pt too wide) detected at line 81
  [] [][][] [][][][][][][] [][][][][] [][][][][][][] [][][][] [][][][][][][][][] [][][][]  
 []

File: imagem3.png Graphic file (type png)
<use imagem3.png>
Package pdftex.def Info: imagem3.png  used on input line 81.
(pdftex.def)             Requested size: 455.2376pt x 34.14381pt.

Overfull \hbox (55.38643pt too wide) has occurred while \output is active
  [] [][][] [][][][][][][] [][][][][] [][][][][][][] [][][][] [][][][][][][][][] [][][][]  
 []


Overfull \hbox (455.24405pt too wide) has occurred while \output is active
[][][] 
 []

[6

]
Overfull \hbox (455.24405pt too wide) in paragraph at lines 92--92
[][][]  
 []

File: imagem3.png Graphic file (type png)
<use imagem3.png>
Package pdftex.def Info: imagem3.png  used on input line 92.
(pdftex.def)             Requested size: 455.2376pt x 34.14381pt.

Overfull \hbox (55.38643pt too wide) detected at line 92
  [] [][][] [][][][][][][] [][][][][] [][][][][][][] [][][][] [][][][][][][][][] [][][][]  
 []



pdfTeX warning: pdflatex.exe (file ./Figures/DonnesBrut1.pdf): PDF inclusion: found PDF version <1.7>, but at most version <1.5> allowed
<Figures/DonnesBrut1.pdf, id=802, 661.47125pt x 67.25125pt>
File: Figures/DonnesBrut1.pdf Graphic file (type pdf)
<use Figures/DonnesBrut1.pdf>
Package pdftex.def Info: Figures/DonnesBrut1.pdf  used on input line 92.
(pdftex.def)             Requested size: 398.3386pt x 40.49779pt.


pdfTeX warning: pdflatex.exe (file ./Figures/DonnesBrut2.pdf): PDF inclusion: found PDF version <1.7>, but at most version <1.5> allowed
<Figures/DonnesBrut2.pdf, id=803, 659.46375pt x 67.25125pt>
File: Figures/DonnesBrut2.pdf Graphic file (type pdf)
<use Figures/DonnesBrut2.pdf>
Package pdftex.def Info: Figures/DonnesBrut2.pdf  used on input line 92.
(pdftex.def)             Requested size: 398.3386pt x 40.62299pt.


pdfTeX warning: pdflatex.exe (file ./Figures/DonnesBrut3.pdf): PDF inclusion: found PDF version <1.7>, but at most version <1.5> allowed
<Figures/DonnesBrut3.pdf, id=804, 621.32124pt x 61.22874pt>
File: Figures/DonnesBrut3.pdf Graphic file (type pdf)
<use Figures/DonnesBrut3.pdf>
Package pdftex.def Info: Figures/DonnesBrut3.pdf  used on input line 92.
(pdftex.def)             Requested size: 398.3386pt x 39.25444pt.
File: imagem3.png Graphic file (type png)
<use imagem3.png>
Package pdftex.def Info: imagem3.png  used on input line 92.
(pdftex.def)             Requested size: 455.2376pt x 34.14381pt.

Overfull \hbox (55.38643pt too wide) has occurred while \output is active
  [] [][][] [][][][][][][] [][][][][] [][][][][][][] [][][][] [][][][][][][][][] [][][][]  
 []


Overfull \hbox (455.24405pt too wide) has occurred while \output is active
[][][] 
 []

[7

 <./Figures/DonnesBrut1.pdf> <./Figures/DonnesBrut2.pdf

pdfTeX warning: pdflatex.exe (file ./Figures/DonnesBrut2.pdf): PDF inclusion: multiple pdfs with page group included in a single page
> <./Figures/DonnesBrut3.pdf

pdfTeX warning: pdflatex.exe (file ./Figures/DonnesBrut3.pdf): PDF inclusion: multiple pdfs with page group included in a single page
>]
Overfull \hbox (455.24405pt too wide) in paragraph at lines 144--144
[][][]  
 []

File: imagem3.png Graphic file (type png)
<use imagem3.png>
Package pdftex.def Info: imagem3.png  used on input line 144.
(pdftex.def)             Requested size: 455.2376pt x 34.14381pt.

Overfull \hbox (55.38643pt too wide) detected at line 144
  [] [][][] [][][][][][][] [][][][][] [][][][][][][] [][][][] [][][][][][][][][] [][][][]  
 []

File: imagem3.png Graphic file (type png)
<use imagem3.png>
Package pdftex.def Info: imagem3.png  used on input line 144.
(pdftex.def)             Requested size: 455.2376pt x 34.14381pt.

Overfull \hbox (55.38643pt too wide) has occurred while \output is active
  [] [][][] [][][][][][][] [][][][][] [][][][][][][] [][][][] [][][][][][][][][] [][][][]  
 []


Overfull \hbox (455.24405pt too wide) has occurred while \output is active
[][][] 
 []

[8

]
Overfull \hbox (455.24405pt too wide) in paragraph at lines 167--167
[][][]  
 []

File: imagem3.png Graphic file (type png)
<use imagem3.png>
Package pdftex.def Info: imagem3.png  used on input line 167.
(pdftex.def)             Requested size: 455.2376pt x 34.14381pt.

Overfull \hbox (55.38643pt too wide) detected at line 167
  [] [][][] [][][][][][][] [][][][][] [][][][][][][] [][][][] [][][][][][][][][] [][][][]  
 []

File: imagem3.png Graphic file (type png)
<use imagem3.png>
Package pdftex.def Info: imagem3.png  used on input line 167.
(pdftex.def)             Requested size: 455.2376pt x 34.14381pt.

Overfull \hbox (55.38643pt too wide) has occurred while \output is active
  [] [][][] [][][][][][][] [][][][][] [][][][][][][] [][][][] [][][][][][][][][] [][][][]  
 []


Overfull \hbox (455.24405pt too wide) has occurred while \output is active
[][][] 
 []

[9

]
Overfull \hbox (455.24405pt too wide) in paragraph at lines 175--175
[][][]  
 []

File: imagem3.png Graphic file (type png)
<use imagem3.png>
Package pdftex.def Info: imagem3.png  used on input line 175.
(pdftex.def)             Requested size: 455.2376pt x 34.14381pt.

Overfull \hbox (55.38643pt too wide) detected at line 175
  [] [][][] [][][][][][][] [][][][][] [][][][][][][] [][][][] [][][][][][][][][] [][][][]  
 []



pdfTeX warning: pdflatex.exe (file ./Figures/DonnesClean1.pdf): PDF inclusion: found PDF version <1.7>, but at most version <1.5> allowed
<Figures/DonnesClean1.pdf, id=1164, 667.49374pt x 79.29625pt>
File: Figures/DonnesClean1.pdf Graphic file (type pdf)
<use Figures/DonnesClean1.pdf>
Package pdftex.def Info: Figures/DonnesClean1.pdf  used on input line 175.
(pdftex.def)             Requested size: 398.3386pt x 47.3228pt.


pdfTeX warning: pdflatex.exe (file ./Figures/DonnesClean2.pdf): PDF inclusion: found PDF version <1.7>, but at most version <1.5> allowed
<Figures/DonnesClean2.pdf, id=1165, 653.44125pt x 67.25125pt>
File: Figures/DonnesClean2.pdf Graphic file (type pdf)
<use Figures/DonnesClean2.pdf>
Package pdftex.def Info: Figures/DonnesClean2.pdf  used on input line 175.
(pdftex.def)             Requested size: 398.3386pt x 40.9965pt.
File: imagem3.png Graphic file (type png)
<use imagem3.png>
Package pdftex.def Info: imagem3.png  used on input line 175.
(pdftex.def)             Requested size: 455.2376pt x 34.14381pt.

Overfull \hbox (55.38643pt too wide) has occurred while \output is active
  [] [][][] [][][][][][][] [][][][][] [][][][][][][] [][][][] [][][][][][][][][] [][][][]  
 []


Overfull \hbox (455.24405pt too wide) has occurred while \output is active
[][][] 
 []

[10

 <./Figures/DonnesClean1.pdf> <./Figures/DonnesClean2.pdf

pdfTeX warning: pdflatex.exe (file ./Figures/DonnesClean2.pdf): PDF inclusion: multiple pdfs with page group included in a single page
>]
Overfull \hbox (455.24405pt too wide) in paragraph at lines 177--177
[][][]  
 []

File: imagem3.png Graphic file (type png)
<use imagem3.png>
Package pdftex.def Info: imagem3.png  used on input line 177.
(pdftex.def)             Requested size: 455.2376pt x 34.14381pt.

Overfull \hbox (55.38643pt too wide) detected at line 177
  [] [][][] [][][][][][][] [][][][][] [][][][][][][] [][][][] [][][][][][][][][] [][][][]  
 []

(./Presentation.toc)
File: imagem3.png Graphic file (type png)
<use imagem3.png>
Package pdftex.def Info: imagem3.png  used on input line 177.
(pdftex.def)             Requested size: 455.2376pt x 34.14381pt.

Overfull \hbox (55.38643pt too wide) has occurred while \output is active
  [] [][][] [][][][][][][] [][][][][] [][][][][][][] [][][][] [][][][][][][][][] [][][][]  
 []


Overfull \hbox (455.24405pt too wide) has occurred while \output is active
[][][] 
 []

[11

]
Overfull \hbox (455.24405pt too wide) in paragraph at lines 203--203
[][][]  
 []

File: imagem3.png Graphic file (type png)
<use imagem3.png>
Package pdftex.def Info: imagem3.png  used on input line 203.
(pdftex.def)             Requested size: 455.2376pt x 34.14381pt.

Overfull \hbox (55.38643pt too wide) detected at line 203
  [] [][][] [][][][][][][] [][][][][] [][][][][][][] [][][][] [][][][][][][][][] [][][][]  
 []

LaTeX Font Info:    Font shape `U/msa/m/n' will be
(Font)              scaled to size 9.37807pt on input line 203.
LaTeX Font Info:    Font shape `U/msa/m/n' will be
(Font)              scaled to size 7.29405pt on input line 203.
LaTeX Font Info:    Font shape `U/msa/m/n' will be
(Font)              scaled to size 5.21004pt on input line 203.
LaTeX Font Info:    Font shape `U/msb/m/n' will be
(Font)              scaled to size 9.37807pt on input line 203.
LaTeX Font Info:    Font shape `U/msb/m/n' will be
(Font)              scaled to size 7.29405pt on input line 203.
LaTeX Font Info:    Font shape `U/msb/m/n' will be
(Font)              scaled to size 5.21004pt on input line 203.
LaTeX Font Info:    Font shape `T1/phv/m/it' in size <9> not available
(Font)              Font shape `T1/phv/m/sl' tried instead on input line 203.
LaTeX Font Info:    Font shape `T1/phv/m/it' in size <7> not available
(Font)              Font shape `T1/phv/m/sl' tried instead on input line 203.
LaTeX Font Info:    Font shape `T1/phv/m/it' in size <5> not available
(Font)              Font shape `T1/phv/m/sl' tried instead on input line 203.

Overfull \hbox (20.6874pt too wide) detected at line 203
[]
 []


Overfull \vbox (3.48637pt too high) detected at line 203
 []

File: imagem3.png Graphic file (type png)
<use imagem3.png>
Package pdftex.def Info: imagem3.png  used on input line 203.
(pdftex.def)             Requested size: 455.2376pt x 34.14381pt.

Overfull \hbox (55.38643pt too wide) has occurred while \output is active
  [] [][][] [][][][][][][] [][][][][] [][][][][][][] [][][][] [][][][][][][][][] [][][][]  
 []


Overfull \hbox (455.24405pt too wide) has occurred while \output is active
[][][] 
 []

[12

]
Overfull \hbox (455.24405pt too wide) in paragraph at lines 225--225
[][][]  
 []

File: imagem3.png Graphic file (type png)
<use imagem3.png>
Package pdftex.def Info: imagem3.png  used on input line 225.
(pdftex.def)             Requested size: 455.2376pt x 34.14381pt.

Overfull \hbox (55.38643pt too wide) detected at line 225
  [] [][][] [][][][][][][] [][][][][] [][][][][][][] [][][][] [][][][][][][][][] [][][][]  
 []

File: imagem3.png Graphic file (type png)
<use imagem3.png>
Package pdftex.def Info: imagem3.png  used on input line 225.
(pdftex.def)             Requested size: 455.2376pt x 34.14381pt.

Overfull \hbox (55.38643pt too wide) has occurred while \output is active
  [] [][][] [][][][][][][] [][][][][] [][][][][][][] [][][][] [][][][][][][][][] [][][][]  
 []


Overfull \hbox (455.24405pt too wide) has occurred while \output is active
[][][] 
 []

[13

]
Overfull \hbox (455.24405pt too wide) in paragraph at lines 247--247
[][][]  
 []

File: imagem3.png Graphic file (type png)
<use imagem3.png>
Package pdftex.def Info: imagem3.png  used on input line 247.
(pdftex.def)             Requested size: 455.2376pt x 34.14381pt.

Overfull \hbox (55.38643pt too wide) detected at line 247
  [] [][][] [][][][][][][] [][][][][] [][][][][][][] [][][][] [][][][][][][][][] [][][][]  
 []



pdfTeX warning: pdflatex.exe (file ./Figures/Matrice_corrlation_qualite_indicateur.pdf): PDF inclusion: found PDF version <1.7>, but at most version <1.5> allowed
<Figures/Matrice_corrlation_qualite_indicateur.pdf, id=1624, 503.7229pt x 283.86217pt>
File: Figures/Matrice_corrlation_qualite_indicateur.pdf Graphic file (type pdf)
<use Figures/Matrice_corrlation_qualite_indicateur.pdf>
Package pdftex.def Info: Figures/Matrice_corrlation_qualite_indicateur.pdf  used on input line 247.
(pdftex.def)             Requested size: 199.1693pt x 112.23477pt.
File: imagem3.png Graphic file (type png)
<use imagem3.png>
Package pdftex.def Info: imagem3.png  used on input line 247.
(pdftex.def)             Requested size: 455.2376pt x 34.14381pt.

Overfull \hbox (55.38643pt too wide) has occurred while \output is active
  [] [][][] [][][][][][][] [][][][][] [][][][][][][] [][][][] [][][][][][][][][] [][][][]  
 []


Overfull \hbox (455.24405pt too wide) has occurred while \output is active
[][][] 
 []

[14

 <./Figures/Matrice_corrlation_qualite_indicateur.pdf>]
Overfull \hbox (455.24405pt too wide) in paragraph at lines 251--251
[][][]  
 []

File: imagem3.png Graphic file (type png)
<use imagem3.png>
Package pdftex.def Info: imagem3.png  used on input line 251.
(pdftex.def)             Requested size: 455.2376pt x 34.14381pt.

Overfull \hbox (55.38643pt too wide) detected at line 251
  [] [][][] [][][][][][][] [][][][][] [][][][][][][] [][][][] [][][][][][][][][] [][][][]  
 []

(./Presentation.toc)
File: imagem3.png Graphic file (type png)
<use imagem3.png>
Package pdftex.def Info: imagem3.png  used on input line 251.
(pdftex.def)             Requested size: 455.2376pt x 34.14381pt.

Overfull \hbox (55.38643pt too wide) has occurred while \output is active
  [] [][][] [][][][][][][] [][][][][] [][][][][][][] [][][][] [][][][][][][][][] [][][][]  
 []


Overfull \hbox (455.24405pt too wide) has occurred while \output is active
[][][] 
 []

[15

]
Overfull \hbox (455.24405pt too wide) in paragraph at lines 272--272
[][][]  
 []

File: imagem3.png Graphic file (type png)
<use imagem3.png>
Package pdftex.def Info: imagem3.png  used on input line 272.
(pdftex.def)             Requested size: 455.2376pt x 34.14381pt.

Overfull \hbox (55.38643pt too wide) detected at line 272
  [] [][][] [][][][][][][] [][][][][] [][][][][][][] [][][][] [][][][][][][][][] [][][][]  
 []

File: imagem3.png Graphic file (type png)
<use imagem3.png>
Package pdftex.def Info: imagem3.png  used on input line 272.
(pdftex.def)             Requested size: 455.2376pt x 34.14381pt.

Overfull \hbox (55.38643pt too wide) has occurred while \output is active
  [] [][][] [][][][][][][] [][][][][] [][][][][][][] [][][][] [][][][][][][][][] [][][][]  
 []


Overfull \hbox (455.24405pt too wide) has occurred while \output is active
[][][] 
 []

[16

]
Overfull \hbox (455.24405pt too wide) in paragraph at lines 293--293
[][][]  
 []

File: imagem3.png Graphic file (type png)
<use imagem3.png>
Package pdftex.def Info: imagem3.png  used on input line 293.
(pdftex.def)             Requested size: 455.2376pt x 34.14381pt.

Overfull \hbox (55.38643pt too wide) detected at line 293
  [] [][][] [][][][][][][] [][][][][] [][][][][][][] [][][][] [][][][][][][][][] [][][][]  
 []



pdfTeX warning: pdflatex.exe (file ./Figures/Matrice_corrlation_Impurete_Elements.pdf): PDF inclusion: found PDF version <1.7>, but at most version <1.5> allowed
<Figures/Matrice_corrlation_Impurete_Elements.pdf, id=1948, 437.23436pt x 282.46303pt>
File: Figures/Matrice_corrlation_Impurete_Elements.pdf Graphic file (type pdf)
<use Figures/Matrice_corrlation_Impurete_Elements.pdf>
Package pdftex.def Info: Figures/Matrice_corrlation_Impurete_Elements.pdf  used on input line 293.
(pdftex.def)             Requested size: 199.1693pt x 128.67172pt.
File: imagem3.png Graphic file (type png)
<use imagem3.png>
Package pdftex.def Info: imagem3.png  used on input line 293.
(pdftex.def)             Requested size: 455.2376pt x 34.14381pt.

Overfull \hbox (55.38643pt too wide) has occurred while \output is active
  [] [][][] [][][][][][][] [][][][][] [][][][][][][] [][][][] [][][][][][][][][] [][][][]  
 []


Overfull \hbox (455.24405pt too wide) has occurred while \output is active
[][][] 
 []

[17

 <./Figures/Matrice_corrlation_Impurete_Elements.pdf>]
Overfull \hbox (455.24405pt too wide) in paragraph at lines 316--316
[][][]  
 []

File: imagem3.png Graphic file (type png)
<use imagem3.png>
Package pdftex.def Info: imagem3.png  used on input line 316.
(pdftex.def)             Requested size: 455.2376pt x 34.14381pt.

Overfull \hbox (55.38643pt too wide) detected at line 316
  [] [][][] [][][][][][][] [][][][][] [][][][][][][] [][][][] [][][][][][][][][] [][][][]  
 []

File: Figures/Matrice_corrlation_qualite_indicateur.pdf Graphic file (type pdf)
<use Figures/Matrice_corrlation_qualite_indicateur.pdf>
Package pdftex.def Info: Figures/Matrice_corrlation_qualite_indicateur.pdf  used on input line 316.
(pdftex.def)             Requested size: 199.1693pt x 112.23477pt.
File: imagem3.png Graphic file (type png)
<use imagem3.png>
Package pdftex.def Info: imagem3.png  used on input line 316.
(pdftex.def)             Requested size: 455.2376pt x 34.14381pt.

Overfull \hbox (55.38643pt too wide) has occurred while \output is active
  [] [][][] [][][][][][][] [][][][][] [][][][][][][] [][][][] [][][][][][][][][] [][][][]  
 []


Overfull \hbox (455.24405pt too wide) has occurred while \output is active
[][][] 
 []

[18

]
Overfull \hbox (455.24405pt too wide) in paragraph at lines 337--337
[][][]  
 []

File: imagem3.png Graphic file (type png)
<use imagem3.png>
Package pdftex.def Info: imagem3.png  used on input line 337.
(pdftex.def)             Requested size: 455.2376pt x 34.14381pt.

Overfull \hbox (55.38643pt too wide) detected at line 337
  [] [][][] [][][][][][][] [][][][][] [][][][][][][] [][][][] [][][][][][][][][] [][][][]  
 []

File: Figures/Matrice_corrlation_qualite_indicateur.pdf Graphic file (type pdf)
<use Figures/Matrice_corrlation_qualite_indicateur.pdf>
Package pdftex.def Info: Figures/Matrice_corrlation_qualite_indicateur.pdf  used on input line 337.
(pdftex.def)             Requested size: 199.1693pt x 112.23477pt.
File: imagem3.png Graphic file (type png)
<use imagem3.png>
Package pdftex.def Info: imagem3.png  used on input line 337.
(pdftex.def)             Requested size: 455.2376pt x 34.14381pt.

Overfull \hbox (55.38643pt too wide) has occurred while \output is active
  [] [][][] [][][][][][][] [][][][][] [][][][][][][] [][][][] [][][][][][][][][] [][][][]  
 []


Overfull \hbox (455.24405pt too wide) has occurred while \output is active
[][][] 
 []

[19

]
Overfull \hbox (455.24405pt too wide) in paragraph at lines 368--368
[][][]  
 []

File: imagem3.png Graphic file (type png)
<use imagem3.png>
Package pdftex.def Info: imagem3.png  used on input line 368.
(pdftex.def)             Requested size: 455.2376pt x 34.14381pt.

Overfull \hbox (55.38643pt too wide) detected at line 368
  [] [][][] [][][][][][][] [][][][][] [][][][][][][] [][][][] [][][][][][][][][] [][][][]  
 []

File: imagem3.png Graphic file (type png)
<use imagem3.png>
Package pdftex.def Info: imagem3.png  used on input line 368.
(pdftex.def)             Requested size: 455.2376pt x 34.14381pt.

Overfull \hbox (55.38643pt too wide) has occurred while \output is active
  [] [][][] [][][][][][][] [][][][][] [][][][][][][] [][][][] [][][][][][][][][] [][][][]  
 []


Overfull \hbox (455.24405pt too wide) has occurred while \output is active
[][][] 
 []

[20

]
Overfull \hbox (455.24405pt too wide) in paragraph at lines 374--374
[][][]  
 []

File: imagem3.png Graphic file (type png)
<use imagem3.png>
Package pdftex.def Info: imagem3.png  used on input line 374.
(pdftex.def)             Requested size: 455.2376pt x 34.14381pt.

Overfull \hbox (55.38643pt too wide) detected at line 374
  [] [][][] [][][][][][][] [][][][][] [][][][][][][] [][][][] [][][][][][][][][] [][][][]  
 []

(./Presentation.toc)
File: imagem3.png Graphic file (type png)
<use imagem3.png>
Package pdftex.def Info: imagem3.png  used on input line 374.
(pdftex.def)             Requested size: 455.2376pt x 34.14381pt.

Overfull \hbox (55.38643pt too wide) has occurred while \output is active
  [] [][][] [][][][][][][] [][][][][] [][][][][][][] [][][][] [][][][][][][][][] [][][][]  
 []


Overfull \hbox (455.24405pt too wide) has occurred while \output is active
[][][] 
 []

[21

]
Overfull \hbox (455.24405pt too wide) in paragraph at lines 390--390
[][][]  
 []

File: imagem3.png Graphic file (type png)
<use imagem3.png>
Package pdftex.def Info: imagem3.png  used on input line 390.
(pdftex.def)             Requested size: 455.2376pt x 34.14381pt.

Overfull \hbox (55.38643pt too wide) detected at line 390
  [] [][][] [][][][][][][] [][][][][] [][][][][][][] [][][][] [][][][][][][][][] [][][][]  
 []

File: imagem3.png Graphic file (type png)
<use imagem3.png>
Package pdftex.def Info: imagem3.png  used on input line 390.
(pdftex.def)             Requested size: 455.2376pt x 34.14381pt.

Overfull \hbox (55.38643pt too wide) has occurred while \output is active
  [] [][][] [][][][][][][] [][][][][] [][][][][][][] [][][][] [][][][][][][][][] [][][][]  
 []


Overfull \hbox (455.24405pt too wide) has occurred while \output is active
[][][] 
 []

[22

]
Overfull \hbox (455.24405pt too wide) in paragraph at lines 398--398
[][][]  
 []

File: imagem3.png Graphic file (type png)
<use imagem3.png>
Package pdftex.def Info: imagem3.png  used on input line 398.
(pdftex.def)             Requested size: 455.2376pt x 34.14381pt.

Overfull \hbox (55.38643pt too wide) detected at line 398
  [] [][][] [][][][][][][] [][][][][] [][][][][][][] [][][][] [][][][][][][][][] [][][][]  
 []

<Figures/Impuret_sans_extreme.pdf, id=2588, 1057.9525pt x 756.8275pt>
File: Figures/Impuret_sans_extreme.pdf Graphic file (type pdf)
<use Figures/Impuret_sans_extreme.pdf>
Package pdftex.def Info: Figures/Impuret_sans_extreme.pdf  used on input line 398.
(pdftex.def)             Requested size: 178.97781pt x 128.03537pt.
<Figures/Impuret_avec_extreme.pdf, id=2589, 1057.9525pt x 756.8275pt>
File: Figures/Impuret_avec_extreme.pdf Graphic file (type pdf)
<use Figures/Impuret_avec_extreme.pdf>
Package pdftex.def Info: Figures/Impuret_avec_extreme.pdf  used on input line 398.
(pdftex.def)             Requested size: 178.97781pt x 128.03537pt.
File: imagem3.png Graphic file (type png)
<use imagem3.png>
Package pdftex.def Info: imagem3.png  used on input line 398.
(pdftex.def)             Requested size: 455.2376pt x 34.14381pt.

Overfull \hbox (55.38643pt too wide) has occurred while \output is active
  [] [][][] [][][][][][][] [][][][][] [][][][][][][] [][][][] [][][][][][][][][] [][][][]  
 []


Overfull \hbox (455.24405pt too wide) has occurred while \output is active
[][][] 
 []

[23

 <./Figures/Impuret_sans_extreme.pdf

pdfTeX warning: pdflatex.exe (file ./Figures/Impuret_sans_extreme.pdf): PDF inclusion: invalid other resource which is no dict (key 'ProcSets', type <array>); ignored.
> <./Figures/Impuret_avec_extreme.pdf

pdfTeX warning: pdflatex.exe (file ./Figures/Impuret_avec_extreme.pdf): PDF inclusion: invalid other resource which is no dict (key 'ProcSets', type <array>); ignored.
>]
Overfull \hbox (455.24405pt too wide) in paragraph at lines 402--402
[][][]  
 []

File: imagem3.png Graphic file (type png)
<use imagem3.png>
Package pdftex.def Info: imagem3.png  used on input line 402.
(pdftex.def)             Requested size: 455.2376pt x 34.14381pt.

Overfull \hbox (55.38643pt too wide) detected at line 402
  [] [][][] [][][][][][][] [][][][][] [][][][][][][] [][][][] [][][][][][][][][] [][][][]  
 []

(./Presentation.toc)
File: imagem3.png Graphic file (type png)
<use imagem3.png>
Package pdftex.def Info: imagem3.png  used on input line 402.
(pdftex.def)             Requested size: 455.2376pt x 34.14381pt.

Overfull \hbox (55.38643pt too wide) has occurred while \output is active
  [] [][][] [][][][][][][] [][][][][] [][][][][][][] [][][][] [][][][][][][][][] [][][][]  
 []


Overfull \hbox (455.24405pt too wide) has occurred while \output is active
[][][] 
 []

[24

]
Overfull \hbox (455.24405pt too wide) in paragraph at lines 424--424
[][][]  
 []

File: imagem3.png Graphic file (type png)
<use imagem3.png>
Package pdftex.def Info: imagem3.png  used on input line 424.
(pdftex.def)             Requested size: 455.2376pt x 34.14381pt.

Overfull \hbox (55.38643pt too wide) detected at line 424
  [] [][][] [][][][][][][] [][][][][] [][][][][][][] [][][][] [][][][][][][][][] [][][][]  
 []

File: imagem3.png Graphic file (type png)
<use imagem3.png>
Package pdftex.def Info: imagem3.png  used on input line 424.
(pdftex.def)             Requested size: 455.2376pt x 34.14381pt.

Overfull \hbox (55.38643pt too wide) has occurred while \output is active
  [] [][][] [][][][][][][] [][][][][] [][][][][][][] [][][][] [][][][][][][][][] [][][][]  
 []


Overfull \hbox (455.24405pt too wide) has occurred while \output is active
[][][] 
 []

[25

]
Overfull \hbox (455.24405pt too wide) in paragraph at lines 443--443
[][][]  
 []

File: imagem3.png Graphic file (type png)
<use imagem3.png>
Package pdftex.def Info: imagem3.png  used on input line 443.
(pdftex.def)             Requested size: 455.2376pt x 34.14381pt.

Overfull \hbox (55.38643pt too wide) detected at line 443
  [] [][][] [][][][][][][] [][][][][] [][][][][][][] [][][][] [][][][][][][][][] [][][][]  
 []

<Figures/Regression_Impurete_Sn.pdf, id=2932, 1053.9375pt x 752.8125pt>
File: Figures/Regression_Impurete_Sn.pdf Graphic file (type pdf)
<use Figures/Regression_Impurete_Sn.pdf>
Package pdftex.def Info: Figures/Regression_Impurete_Sn.pdf  used on input line 443.
(pdftex.def)             Requested size: 199.1693pt x 142.25475pt.
<Figures/Regression_Impurete_Cu.pdf, id=2933, 1053.9375pt x 752.8125pt>
File: Figures/Regression_Impurete_Cu.pdf Graphic file (type pdf)
<use Figures/Regression_Impurete_Cu.pdf>
Package pdftex.def Info: Figures/Regression_Impurete_Cu.pdf  used on input line 443.
(pdftex.def)             Requested size: 199.1693pt x 142.25475pt.
File: imagem3.png Graphic file (type png)
<use imagem3.png>
Package pdftex.def Info: imagem3.png  used on input line 443.
(pdftex.def)             Requested size: 455.2376pt x 34.14381pt.

Overfull \hbox (55.38643pt too wide) has occurred while \output is active
  [] [][][] [][][][][][][] [][][][][] [][][][][][][] [][][][] [][][][][][][][][] [][][][]  
 []


Overfull \hbox (455.24405pt too wide) has occurred while \output is active
[][][] 
 []

[26

 <./Figures/Regression_Impurete_Sn.pdf> <./Figures/Regression_Impurete_Cu.pdf>]
Overfull \hbox (455.24405pt too wide) in paragraph at lines 461--461
[][][]  
 []

File: imagem3.png Graphic file (type png)
<use imagem3.png>
Package pdftex.def Info: imagem3.png  used on input line 461.
(pdftex.def)             Requested size: 455.2376pt x 34.14381pt.

Overfull \hbox (55.38643pt too wide) detected at line 461
  [] [][][] [][][][][][][] [][][][][] [][][][][][][] [][][][] [][][][][][][][][] [][][][]  
 []

<Figures/Regression_Ono_Cu.pdf, id=3060, 1053.9375pt x 752.8125pt>
File: Figures/Regression_Ono_Cu.pdf Graphic file (type pdf)
<use Figures/Regression_Ono_Cu.pdf>
Package pdftex.def Info: Figures/Regression_Ono_Cu.pdf  used on input line 461.
(pdftex.def)             Requested size: 199.1693pt x 142.25475pt.
<Figures/Regression_Ono_Cr.pdf, id=3061, 1053.9375pt x 752.8125pt>
File: Figures/Regression_Ono_Cr.pdf Graphic file (type pdf)
<use Figures/Regression_Ono_Cr.pdf>
Package pdftex.def Info: Figures/Regression_Ono_Cr.pdf  used on input line 461.
(pdftex.def)             Requested size: 199.1693pt x 142.25475pt.
File: imagem3.png Graphic file (type png)
<use imagem3.png>
Package pdftex.def Info: imagem3.png  used on input line 461.
(pdftex.def)             Requested size: 455.2376pt x 34.14381pt.

Overfull \hbox (55.38643pt too wide) has occurred while \output is active
  [] [][][] [][][][][][][] [][][][][] [][][][][][][] [][][][] [][][][][][][][][] [][][][]  
 []


Overfull \hbox (455.24405pt too wide) has occurred while \output is active
[][][] 
 []

[27

 <./Figures/Regression_Ono_Cu.pdf> <./Figures/Regression_Ono_Cr.pdf>]
Overfull \hbox (455.24405pt too wide) in paragraph at lines 479--479
[][][]  
 []

File: imagem3.png Graphic file (type png)
<use imagem3.png>
Package pdftex.def Info: imagem3.png  used on input line 479.
(pdftex.def)             Requested size: 455.2376pt x 34.14381pt.

Overfull \hbox (55.38643pt too wide) detected at line 479
  [] [][][] [][][][][][][] [][][][][] [][][][][][][] [][][][] [][][][][][][][][] [][][][]  
 []

<Figures/Regression_Ferrite_Cu.pdf, id=3189, 1053.9375pt x 752.8125pt>
File: Figures/Regression_Ferrite_Cu.pdf Graphic file (type pdf)
<use Figures/Regression_Ferrite_Cu.pdf>
Package pdftex.def Info: Figures/Regression_Ferrite_Cu.pdf  used on input line 479.
(pdftex.def)             Requested size: 199.1693pt x 142.25475pt.
<Figures/Regression_Ferrite_Sb.pdf, id=3190, 1053.9375pt x 752.8125pt>
File: Figures/Regression_Ferrite_Sb.pdf Graphic file (type pdf)
<use Figures/Regression_Ferrite_Sb.pdf>
Package pdftex.def Info: Figures/Regression_Ferrite_Sb.pdf  used on input line 479.
(pdftex.def)             Requested size: 199.1693pt x 142.25475pt.
File: imagem3.png Graphic file (type png)
<use imagem3.png>
Package pdftex.def Info: imagem3.png  used on input line 479.
(pdftex.def)             Requested size: 455.2376pt x 34.14381pt.

Overfull \hbox (55.38643pt too wide) has occurred while \output is active
  [] [][][] [][][][][][][] [][][][][] [][][][][][][] [][][][] [][][][][][][][][] [][][][]  
 []


Overfull \hbox (455.24405pt too wide) has occurred while \output is active
[][][] 
 []

[28

 <./Figures/Regression_Ferrite_Cu.pdf> <./Figures/Regression_Ferrite_Sb.pdf>]
Overfull \hbox (455.24405pt too wide) in paragraph at lines 498--498
[][][]  
 []

File: imagem3.png Graphic file (type png)
<use imagem3.png>
Package pdftex.def Info: imagem3.png  used on input line 498.
(pdftex.def)             Requested size: 455.2376pt x 34.14381pt.

Overfull \hbox (55.38643pt too wide) detected at line 498
  [] [][][] [][][][][][][] [][][][][] [][][][][][][] [][][][] [][][][][][][][][] [][][][]  
 []

<Figures/Regression_Cu_Rm.pdf, id=3318, 1053.9375pt x 752.8125pt>
File: Figures/Regression_Cu_Rm.pdf Graphic file (type pdf)
<use Figures/Regression_Cu_Rm.pdf>
Package pdftex.def Info: Figures/Regression_Cu_Rm.pdf  used on input line 498.
(pdftex.def)             Requested size: 199.1693pt x 142.25475pt.
<Figures/Regression_Sn_Rm.pdf, id=3319, 1053.9375pt x 752.8125pt>
File: Figures/Regression_Sn_Rm.pdf Graphic file (type pdf)
<use Figures/Regression_Sn_Rm.pdf>
Package pdftex.def Info: Figures/Regression_Sn_Rm.pdf  used on input line 498.
(pdftex.def)             Requested size: 199.1693pt x 142.25475pt.
File: imagem3.png Graphic file (type png)
<use imagem3.png>
Package pdftex.def Info: imagem3.png  used on input line 498.
(pdftex.def)             Requested size: 455.2376pt x 34.14381pt.

Overfull \hbox (55.38643pt too wide) has occurred while \output is active
  [] [][][] [][][][][][][] [][][][][] [][][][][][][] [][][][] [][][][][][][][][] [][][][]  
 []


Overfull \hbox (455.24405pt too wide) has occurred while \output is active
[][][] 
 []

[29

 <./Figures/Regression_Cu_Rm.pdf> <./Figures/Regression_Sn_Rm.pdf>]
Overfull \hbox (455.24405pt too wide) in paragraph at lines 515--515
[][][]  
 []

File: imagem3.png Graphic file (type png)
<use imagem3.png>
Package pdftex.def Info: imagem3.png  used on input line 515.
(pdftex.def)             Requested size: 455.2376pt x 34.14381pt.

Overfull \hbox (55.38643pt too wide) detected at line 515
  [] [][][] [][][][][][][] [][][][][] [][][][][][][] [][][][] [][][][][][][][][] [][][][]  
 []

<Figures/Regression_Cr_Rm.pdf, id=3447, 1053.9375pt x 752.8125pt>
File: Figures/Regression_Cr_Rm.pdf Graphic file (type pdf)
<use Figures/Regression_Cr_Rm.pdf>
Package pdftex.def Info: Figures/Regression_Cr_Rm.pdf  used on input line 515.
(pdftex.def)             Requested size: 199.1693pt x 142.25475pt.
<Figures/Regression_Cr_Allongement.pdf, id=3448, 1053.9375pt x 752.8125pt>
File: Figures/Regression_Cr_Allongement.pdf Graphic file (type pdf)
<use Figures/Regression_Cr_Allongement.pdf>
Package pdftex.def Info: Figures/Regression_Cr_Allongement.pdf  used on input line 515.
(pdftex.def)             Requested size: 199.1693pt x 142.25475pt.
File: imagem3.png Graphic file (type png)
<use imagem3.png>
Package pdftex.def Info: imagem3.png  used on input line 515.
(pdftex.def)             Requested size: 455.2376pt x 34.14381pt.

Overfull \hbox (55.38643pt too wide) has occurred while \output is active
  [] [][][] [][][][][][][] [][][][][] [][][][][][][] [][][][] [][][][][][][][][] [][][][]  
 []


Overfull \hbox (455.24405pt too wide) has occurred while \output is active
[][][] 
 []

[30

 <./Figures/Regression_Cr_Rm.pdf> <./Figures/Regression_Cr_Allongement.pdf>]
Overfull \hbox (455.24405pt too wide) in paragraph at lines 533--533
[][][]  
 []

File: imagem3.png Graphic file (type png)
<use imagem3.png>
Package pdftex.def Info: imagem3.png  used on input line 533.
(pdftex.def)             Requested size: 455.2376pt x 34.14381pt.

Overfull \hbox (55.38643pt too wide) detected at line 533
  [] [][][] [][][][][][][] [][][][][] [][][][][][][] [][][][] [][][][][][][][][] [][][][]  
 []

<Figures/Regression_Cu_Allongement.pdf, id=3576, 1053.9375pt x 752.8125pt>
File: Figures/Regression_Cu_Allongement.pdf Graphic file (type pdf)
<use Figures/Regression_Cu_Allongement.pdf>
Package pdftex.def Info: Figures/Regression_Cu_Allongement.pdf  used on input line 533.
(pdftex.def)             Requested size: 199.1693pt x 142.25475pt.
<Figures/Regression_Sn_Allongement.pdf, id=3577, 1053.9375pt x 752.8125pt>
File: Figures/Regression_Sn_Allongement.pdf Graphic file (type pdf)
<use Figures/Regression_Sn_Allongement.pdf>
Package pdftex.def Info: Figures/Regression_Sn_Allongement.pdf  used on input line 533.
(pdftex.def)             Requested size: 199.1693pt x 142.25475pt.
File: imagem3.png Graphic file (type png)
<use imagem3.png>
Package pdftex.def Info: imagem3.png  used on input line 533.
(pdftex.def)             Requested size: 455.2376pt x 34.14381pt.

Overfull \hbox (55.38643pt too wide) has occurred while \output is active
  [] [][][] [][][][][][][] [][][][][] [][][][][][][] [][][][] [][][][][][][][][] [][][][]  
 []


Overfull \hbox (455.24405pt too wide) has occurred while \output is active
[][][] 
 []

[31

 <./Figures/Regression_Cu_Allongement.pdf> <./Figures/Regression_Sn_Allongement.pdf>]
Overfull \hbox (455.24405pt too wide) in paragraph at lines 538--538
[][][]  
 []

File: imagem3.png Graphic file (type png)
<use imagem3.png>
Package pdftex.def Info: imagem3.png  used on input line 538.
(pdftex.def)             Requested size: 455.2376pt x 34.14381pt.

Overfull \hbox (55.38643pt too wide) detected at line 538
  [] [][][] [][][][][][][] [][][][][] [][][][][][][] [][][][] [][][][][][][][][] [][][][]  
 []

(./Presentation.toc)
File: imagem3.png Graphic file (type png)
<use imagem3.png>
Package pdftex.def Info: imagem3.png  used on input line 538.
(pdftex.def)             Requested size: 455.2376pt x 34.14381pt.

Overfull \hbox (55.38643pt too wide) has occurred while \output is active
  [] [][][] [][][][][][][] [][][][][] [][][][][][][] [][][][] [][][][][][][][][] [][][][]  
 []


Overfull \hbox (455.24405pt too wide) has occurred while \output is active
[][][] 
 []

[32

]
Overfull \hbox (455.24405pt too wide) in paragraph at lines 566--566
[][][]  
 []

File: imagem3.png Graphic file (type png)
<use imagem3.png>
Package pdftex.def Info: imagem3.png  used on input line 566.
(pdftex.def)             Requested size: 455.2376pt x 34.14381pt.

Overfull \hbox (55.38643pt too wide) detected at line 566
  [] [][][] [][][][][][][] [][][][][] [][][][][][][] [][][][] [][][][][][][][][] [][][][]  
 []

File: imagem3.png Graphic file (type png)
<use imagem3.png>
Package pdftex.def Info: imagem3.png  used on input line 566.
(pdftex.def)             Requested size: 455.2376pt x 34.14381pt.

Overfull \hbox (55.38643pt too wide) has occurred while \output is active
  [] [][][] [][][][][][][] [][][][][] [][][][][][][] [][][][] [][][][][][][][][] [][][][]  
 []


Overfull \hbox (455.24405pt too wide) has occurred while \output is active
[][][] 
 []

[33

]
Overfull \hbox (455.24405pt too wide) in paragraph at lines 573--573
[][][]  
 []

File: imagem3.png Graphic file (type png)
<use imagem3.png>
Package pdftex.def Info: imagem3.png  used on input line 573.
(pdftex.def)             Requested size: 455.2376pt x 34.14381pt.

Overfull \hbox (55.38643pt too wide) detected at line 573
  [] [][][] [][][][][][][] [][][][][] [][][][][][][] [][][][] [][][][][][][][][] [][][][]  
 []

File: imagem3.png Graphic file (type png)
<use imagem3.png>
Package pdftex.def Info: imagem3.png  used on input line 573.
(pdftex.def)             Requested size: 455.2376pt x 34.14381pt.

Overfull \hbox (55.38643pt too wide) has occurred while \output is active
  [] [][][] [][][][][][][] [][][][][] [][][][][][][] [][][][] [][][][][][][][][] [][][][]  
 []


Overfull \hbox (455.24405pt too wide) has occurred while \output is active
[][][] 
 []

[34

]
\tf@nav=\write7
\openout7 = `Presentation.nav'.

\tf@toc=\write8
\openout8 = `Presentation.toc'.

\tf@snm=\write9
\openout9 = `Presentation.snm'.

 (./Presentation.aux)
 ***********
LaTeX2e <2023-11-01> patch level 1
L3 programming layer <2024-03-14>
 ***********
Package rerunfilecheck Info: File `Presentation.out' has not changed.
(rerunfilecheck)             Checksum: C844B5C3AA627086213D4250BDA3BE45;962.
 ) 
Here is how much of TeX's memory you used:
 28662 strings out of 476020
 533940 string characters out of 5791981
 1963496 words of memory out of 5000000
 50047 multiletter control sequences out of 15000+600000
 641489 words of font info for 158 fonts, out of 8000000 for 9000
 36 hyphenation exceptions out of 8191
 101i,20n,107p,445b,1107s stack positions out of 10000i,1000n,20000p,200000b,200000s
<c:/texlive/2024/texmf-dist/fonts/type1/public/amsfonts/cm/cmr10.pfb><c:/texlive/2024/texmf-dist/fonts/type1/public/amsfonts/cm/cmsy10.pfb><c:/texlive/2024/texmf-dist/fonts/type1/urw/helvetic/uhvb8a.pfb><c:/texlive/2024/texmf-dist/fonts/type1/urw/helvetic/uhvr8a.pfb><c:/texlive/2024/texmf-dist/fonts/type1/urw/helvetic/uhvro8a.pfb><c:/texlive/2024/texmf-dist/fonts/type1/urw/palatino/uplr8a.pfb>
Output written on Presentation.pdf (34 pages, 2089869 bytes).
PDF statistics:
 4034 PDF objects out of 4296 (max. 8388607)
 2459 compressed objects within 25 object streams
 76 named destinations out of 1000 (max. 500000)
 282 words of extra memory for PDF output out of 10000 (max. 10000000)

